#
# A fatal error has been detected by the Java Runtime Environment:
#
#  SIGSEGV (0xb) at pc=0x00007f4f7a19ca0a, pid=56892, tid=56962
#
# JRE version: OpenJDK Runtime Environment (17.0.10) (build 17.0.10+0-17.0.10b1087.21-11609105)
# Java VM: OpenJDK 64-Bit Server VM (17.0.10+0-17.0.10b1087.21-11609105, mixed mode, tiered, compressed oops, compressed class ptrs, g1 gc, linux-amd64)
# Problematic frame:
# V  [libjvm.so+0xf9ca0a]  Symbol::decrement_refcount()+0xa
#
# Core dump will be written. Default location: Core dumps may be processed with "/usr/lib/systemd/systemd-coredump %P %u %g %s %t %c %h" (or dumping to /home/mikolajmichalczyk/StudioProjects/FinanceApp/core.56892)
#
# If you would like to submit a bug report, please visit:
#   https://bugreport.java.com/bugreport/crash.jsp
#

---------------  S U M M A R Y ------------

Command Line: --add-opens=java.base/java.util=ALL-UNNAMED --add-opens=java.base/java.lang=ALL-UNNAMED --add-opens=java.base/java.lang.invoke=ALL-UNNAMED --add-opens=java.base/java.util=ALL-UNNAMED --add-opens=java.prefs/java.util.prefs=ALL-UNNAMED --add-opens=java.prefs/java.util.prefs=ALL-UNNAMED --add-opens=java.base/java.nio.charset=ALL-UNNAMED --add-opens=java.base/java.net=ALL-UNNAMED --add-opens=java.base/java.util.concurrent.atomic=ALL-UNNAMED -Xmx2048m -Dfile.encoding=UTF-8 -Duser.country=US -Duser.language=en -Duser.variant org.gradle.launcher.daemon.bootstrap.GradleDaemon 7.5

Host: Intel(R) Core(TM) i5-6300U CPU @ 2.40GHz, 4 cores, 15G, Fedora release 40 (Forty)
Time: Thu Jun 27 18:32:16 2024 CEST elapsed time: 9.854397 seconds (0d 0h 0m 9s)

---------------  T H R E A D  ---------------

Current thread (0x00007f4efc0fe650):  JavaThread "C2 CompilerThread1" daemon [_thread_in_vm, id=56962, stack(0x00007f4f54700000,0x00007f4f54800000)]


Current CompileTask:
C2:   9854 2188   !   4       java.net.URL::<init> (543 bytes)

Stack: [0x00007f4f54700000,0x00007f4f54800000],  sp=0x00007f4f547fe920,  free space=1018k
Native frames: (J=compiled Java code, j=interpreted, Vv=VM code, C=native code)
V  [libjvm.so+0xf9ca0a]  Symbol::decrement_refcount()+0xa
V  [libjvm.so+0x7c5474]  ciObjectFactory::remove_symbols()+0x34
V  [libjvm.so+0x7ab06c]  ciEnv::~ciEnv()+0xac
V  [libjvm.so+0x82f889]  CompileBroker::invoke_compiler_on_method(CompileTask*)+0x759
V  [libjvm.so+0x82ef50]  CompileBroker::compiler_thread_loop()+0x420
V  [libjvm.so+0xfebe7f]  JavaThread::thread_main_inner()+0x14f
V  [libjvm.so+0xfea5d7]  Thread::call_run()+0xa7
V  [libjvm.so+0xdee61a]  thread_native_entry(Thread*)+0x11a
C  [libc.so.6+0x961b7]  start_thread+0x377


siginfo: si_signo: 11 (SIGSEGV), si_code: 2 (SEGV_ACCERR), si_addr: 0x00007f4f7882d768

Registers:
RAX=0x00007f4efc3c5160, RBX=0x00007f4f7882d768, RCX=0x00000000b571ffff, RDX=0x00007f4efc0ff500
RSP=0x00007f4f547fe920, RBP=0x00007f4f547fe930, RSI=0x00007f4f547fe8f0, RDI=0x00007f4f7882d768
R8 =0x0000000000246246, R9 =0x0000000000000004, R10=0x0000000000000000, R11=0x00007f4f7a74a080
R12=0x00007f4f74216820, R13=0x0000000000000000, R14=0x00000000000000af, R15=0x00007f4efc0fe650
RIP=0x00007f4f7a19ca0a, EFLAGS=0x0000000000010283, CSGSFS=0x002b000000000033, ERR=0x0000000000000004
  TRAPNO=0x000000000000000e


Register to memory mapping:

RAX=0x00007f4efc3c5160 points into unknown readable memory: 0x00007f4f7a36c080 | 80 c0 36 7a 4f 7f 00 00
RBX=0x00007f4f7882d768 is an unknown value
RCX=0x00000000b571ffff is an unallocated location in the heap
RDX=0x00007f4efc0ff500 points into unknown readable memory: 0x0000000000000004 | 04 00 00 00 00 00 00 00
RSP=0x00007f4f547fe920 is pointing into the stack for thread: 0x00007f4efc0fe650
RBP=0x00007f4f547fe930 is pointing into the stack for thread: 0x00007f4efc0fe650
RSI=0x00007f4f547fe8f0 is pointing into the stack for thread: 0x00007f4efc0fe650
RDI=0x00007f4f7882d768 is an unknown value
R8 =0x0000000000246246 is an unknown value
R9 =0x0000000000000004 is an unknown value
R10=0x0 is NULL
R11=0x00007f4f7a74a080 points into unknown readable memory: 0x0000000102cd5162 | 62 51 cd 02 01 00 00 00
R12=0x00007f4f74216820 points into unknown readable memory: 0x00007f4f742168c0 | c0 68 21 74 4f 7f 00 00
R13=0x0 is NULL
R14=0x00000000000000af is an unknown value
R15=0x00007f4efc0fe650 is a thread


Top of Stack: (sp=0x00007f4f547fe920)
0x00007f4f547fe920:   00007f4efc439450 00000000000000af
0x00007f4f547fe930:   00007f4f547fe950 00007f4f799c5474
0x00007f4f547fe940:   00007f4f547feab0 00007f4efc0fe650
0x00007f4f547fe950:   00007f4f547fe980 00007f4f799ab06c
0x00007f4f547fe960:   000000004fde6e34 00007f4f74175950
0x00007f4f547fe970:   0000000000000000 00007f4efc0fe650
0x00007f4f547fe980:   00007f4f547fec60 00007f4f79a2f889
0x00007f4f547fe990:   00007f4f547fe9c0 00007f4f7999fb3c
0x00007f4f547fe9a0:   00007f4f7a404609 00007f4efc0fe650
0x00007f4f547fe9b0:   00007f4f547fec70 00007f4f3c03e460
0x00007f4f547fe9c0:   0000000000000000 0000000000000000
0x00007f4f547fe9d0:   0000000000000000 0000000000000000
0x00007f4f547fe9e0:   0000000000000000 0000000000000000
0x00007f4f547fe9f0:   0000000000000000 00007f4f547feab8
0x00007f4f547fea00:   0000000000000033 0000000000000100
0x00007f4f547fea10:   00007f4efc44e101 00007f4f74334020
0x00007f4f547fea20:   00007f4efc0fe650 00007f4f3c03e460
0x00007f4f547fea30:   00007f4f547fea50 00007f4f79fb604e
0x00007f4f547fea40:   00007f4efc0fe650 00007f4f547fec70
0x00007f4f547fea50:   00007f4f547fec60 00007f4f79a20001
0x00007f4f547fea60:   000000004fde6e34 00000001f5c5025c
0x00007f4f547fea70:   00007f4f74024f00 00007f4f547febb8
0x00007f4f547fea80:   00007f4f794b2b6a 0000000000000000
0x00007f4f547fea90:   00007f4edc001400 00007f4edc001410
0x00007f4f547feaa0:   00007f4edc0017e8 00000000000003d8
0x00007f4f547feab0:   00007f4f547feab8 00007f4e00000006
0x00007f4f547feac0:   00007f4efc439440 00007f4ea04421f0
0x00007f4f547fead0:   00007f4ea0443dd0 00007f4ea044a1d8
0x00007f4f547feae0:   00000000000dff78 00007f4efc439450
0x00007f4f547feaf0:   00007f4edc001440 00007f4edc0014a0
0x00007f4f547feb00:   00007f4ea04ed890 0000000000000000
0x00007f4f547feb10:   00000000741f0801 00001fa6fc44e100 

Instructions: (pc=0x00007f4f7a19ca0a)
0x00007f4f7a19c90a:   89 c1 75 e2 5b 41 5e 5d c3 48 8d 05 26 8f 26 00
0x00007f4f7a19c91a:   4c 8b 30 48 8d 35 0c 65 34 ff 4c 89 f7 31 c0 e8
0x00007f4f7a19c92a:   32 01 e6 ff 48 89 df 4c 89 f6 e8 57 eb ff ff 48
0x00007f4f7a19c93a:   8d 35 05 c7 2d ff 4c 89 f7 31 c0 e8 16 01 e6 ff
0x00007f4f7a19c94a:   8b 03 0f b7 d0 48 8d 35 e7 7f 2e ff 4c 89 f7 31
0x00007f4f7a19c95a:   c0 e8 00 01 e6 ff 48 8d 05 f1 45 21 00 48 8b 00
0x00007f4f7a19c96a:   c6 00 58 48 8d 35 d6 ca 2c ff 48 8d 0d 17 1c 32
0x00007f4f7a19c97a:   ff bf 00 00 00 e0 ba 3a 01 00 00 31 c0 e8 94 d5
0x00007f4f7a19c98a:   8b ff 5b 41 5e 5d e9 0b 14 e5 ff 66 66 2e 0f 1f
0x00007f4f7a19c99a:   84 00 00 00 00 00 55 48 89 e5 41 56 53 48 89 fb
0x00007f4f7a19c9aa:   48 8d 05 8f 8e 26 00 4c 8b 30 48 8d 35 75 64 34
0x00007f4f7a19c9ba:   ff 4c 89 f7 31 c0 e8 9b 00 e6 ff 48 89 df 4c 89
0x00007f4f7a19c9ca:   f6 e8 c0 ea ff ff 48 8d 35 6e c6 2d ff 4c 89 f7
0x00007f4f7a19c9da:   31 c0 e8 7f 00 e6 ff 8b 03 0f b7 d0 48 8d 35 50
0x00007f4f7a19c9ea:   7f 2e ff 4c 89 f7 31 c0 5b 41 5e 5d e9 65 00 e6
0x00007f4f7a19c9fa:   ff 0f 1f 44 00 00 55 48 89 e5 41 56 53 48 89 fb
0x00007f4f7a19ca0a:   8b 0f 0f 1f 40 00 66 83 f9 ff 74 16 0f b7 c1 85
0x00007f4f7a19ca1a:   c0 74 14 8d 51 ff 89 c8 f0 0f b1 13 39 c8 89 c1
0x00007f4f7a19ca2a:   75 e4 5b 41 5e 5d c3 48 8d 05 08 8e 26 00 4c 8b
0x00007f4f7a19ca3a:   30 48 8d 35 ee 63 34 ff 4c 89 f7 31 c0 e8 14 00
0x00007f4f7a19ca4a:   e6 ff 48 89 df 4c 89 f6 e8 39 ea ff ff 48 8d 35
0x00007f4f7a19ca5a:   e7 c5 2d ff 4c 89 f7 31 c0 e8 f8 ff e5 ff 8b 03
0x00007f4f7a19ca6a:   0f b7 d0 48 8d 35 c9 7e 2e ff 4c 89 f7 31 c0 e8
0x00007f4f7a19ca7a:   e2 ff e5 ff 48 8d 05 d3 44 21 00 48 8b 00 c6 00
0x00007f4f7a19ca8a:   58 48 8d 35 b8 c9 2c ff 48 8d 0d 3a 12 2d ff bf
0x00007f4f7a19ca9a:   00 00 00 e0 ba 4f 01 00 00 31 c0 e8 76 d4 8b ff
0x00007f4f7a19caaa:   5b 41 5e 5d e9 ed 12 e5 ff 66 66 66 66 2e 0f 1f
0x00007f4f7a19caba:   84 00 00 00 00 00 55 48 89 e5 41 56 53 48 89 fb
0x00007f4f7a19caca:   8b 0f 0f 1f 40 00 66 83 f9 ff 74 1b 0f b7 c1 85
0x00007f4f7a19cada:   c0 74 19 89 ca 81 ca ff ff 00 00 89 c8 f0 0f b1
0x00007f4f7a19caea:   13 39 c8 89 c1 75 df 5b 41 5e 5d c3 48 8d 05 43
0x00007f4f7a19cafa:   8d 26 00 4c 8b 30 48 8d 35 29 63 34 ff 4c 89 f7 


Stack slot to memory mapping:
stack at sp + 0 slots: 0x00007f4efc439450 points into unknown readable memory: 0x00007f4f547feab8 | b8 ea 7f 54 4f 7f 00 00
stack at sp + 1 slots: 0x00000000000000af is an unknown value
stack at sp + 2 slots: 0x00007f4f547fe950 is pointing into the stack for thread: 0x00007f4efc0fe650
stack at sp + 3 slots: 0x00007f4f799c5474: <offset 0x00000000007c5474> in /home/mikolajmichalczyk/.local/share/JetBrains/Toolbox/apps/android-studio/jbr/lib/server/libjvm.so at 0x00007f4f79200000
stack at sp + 4 slots: 0x00007f4f547feab0 is pointing into the stack for thread: 0x00007f4efc0fe650
stack at sp + 5 slots: 0x00007f4efc0fe650 is a thread
stack at sp + 6 slots: 0x00007f4f547fe980 is pointing into the stack for thread: 0x00007f4efc0fe650
stack at sp + 7 slots: 0x00007f4f799ab06c: <offset 0x00000000007ab06c> in /home/mikolajmichalczyk/.local/share/JetBrains/Toolbox/apps/android-studio/jbr/lib/server/libjvm.so at 0x00007f4f79200000


---------------  P R O C E S S  ---------------

Threads class SMR info:
_java_thread_list=0x00007f4ea0ec73d0, length=30, elements={
0x00007f4f74026df0, 0x00007f4f741c2230, 0x00007f4f741c3890, 0x00007f4f741f9780,
0x00007f4f741fab40, 0x00007f4f741ef430, 0x00007f4f741f0a80, 0x00007f4f741f1f70,
0x00007f4f741f2fc0, 0x00007f4f7428d600, 0x00007f4f74290c10, 0x00007f4f7531cf60,
0x00007f4f75437450, 0x00007f4f7547d270, 0x00007f4ec0017070, 0x00007f4eb4001660,
0x00007f4eb4006e10, 0x00007f4eb40082d0, 0x00007f4ea0004110, 0x00007f4ea000c370,
0x00007f4ea0016120, 0x00007f4ea00aa270, 0x00007f4ea00c6c10, 0x00007f4ea01bf700,
0x00007f4efc0fe650, 0x00007f4ea0b7e7f0, 0x00007f4ea09204a0, 0x00007f4ea11c6010,
0x00007f4ea0bd0ee0, 0x00007f4ea0ec6500
}

Java Threads: ( => current thread )
  0x00007f4f74026df0 JavaThread "main" [_thread_blocked, id=56895, stack(0x00007f4f7901d000,0x00007f4f7911d000)]
  0x00007f4f741c2230 JavaThread "Reference Handler" daemon [_thread_blocked, id=56902, stack(0x00007f4f5cbde000,0x00007f4f5ccde000)]
  0x00007f4f741c3890 JavaThread "Finalizer" daemon [_thread_blocked, id=56903, stack(0x00007f4f5cade000,0x00007f4f5cbde000)]
  0x00007f4f741f9780 JavaThread "Signal Dispatcher" daemon [_thread_blocked, id=56904, stack(0x00007f4f5c9de000,0x00007f4f5cade000)]
  0x00007f4f741fab40 JavaThread "Service Thread" daemon [_thread_blocked, id=56905, stack(0x00007f4f5c8de000,0x00007f4f5c9de000)]
  0x00007f4f741ef430 JavaThread "Monitor Deflation Thread" daemon [_thread_blocked, id=56906, stack(0x00007f4f5c7de000,0x00007f4f5c8de000)]
  0x00007f4f741f0a80 JavaThread "C2 CompilerThread0" daemon [_thread_in_native, id=56907, stack(0x00007f4f5c6de000,0x00007f4f5c7de000)]
  0x00007f4f741f1f70 JavaThread "C1 CompilerThread0" daemon [_thread_in_native, id=56908, stack(0x00007f4f5c5de000,0x00007f4f5c6de000)]
  0x00007f4f741f2fc0 JavaThread "Sweeper thread" daemon [_thread_blocked, id=56909, stack(0x00007f4f5c4de000,0x00007f4f5c5de000)]
  0x00007f4f7428d600 JavaThread "Common-Cleaner" daemon [_thread_blocked, id=56927, stack(0x00007f4f5c3de000,0x00007f4f5c4de000)]
  0x00007f4f74290c10 JavaThread "Notification Thread" daemon [_thread_blocked, id=56929, stack(0x00007f4f5c2de000,0x00007f4f5c3de000)]
  0x00007f4f7531cf60 JavaThread "Daemon health stats" [_thread_blocked, id=56946, stack(0x00007f4f55bfd000,0x00007f4f55cfd000)]
  0x00007f4f75437450 JavaThread "Incoming local TCP Connector on port 41283" [_thread_in_native, id=56947, stack(0x00007f4f55afd000,0x00007f4f55bfd000)]
  0x00007f4f7547d270 JavaThread "Daemon periodic checks" [_thread_blocked, id=56948, stack(0x00007f4f55700000,0x00007f4f55800000)]
  0x00007f4ec0017070 JavaThread "Daemon" [_thread_blocked, id=56949, stack(0x00007f4f55600000,0x00007f4f55700000)]
  0x00007f4eb4001660 JavaThread "Handler for socket connection from /127.0.0.1:41283 to /127.0.0.1:48450" [_thread_in_native, id=56950, stack(0x00007f4f55500000,0x00007f4f55600000)]
  0x00007f4eb4006e10 JavaThread "Cancel handler" [_thread_blocked, id=56951, stack(0x00007f4f55100000,0x00007f4f55200000)]
  0x00007f4eb40082d0 JavaThread "Daemon worker" [_thread_in_vm, id=56952, stack(0x00007f4f54d00000,0x00007f4f54e00000)]
  0x00007f4ea0004110 JavaThread "Asynchronous log dispatcher for DefaultDaemonConnection: socket connection from /127.0.0.1:41283 to /127.0.0.1:48450" [_thread_blocked, id=56955, stack(0x00007f4f54c00000,0x00007f4f54d00000)]
  0x00007f4ea000c370 JavaThread "Stdin handler" [_thread_blocked, id=56956, stack(0x00007f4f54b00000,0x00007f4f54c00000)]
  0x00007f4ea0016120 JavaThread "Daemon client event forwarder" [_thread_blocked, id=56957, stack(0x00007f4f54a00000,0x00007f4f54b00000)]
  0x00007f4ea00aa270 JavaThread "Cache worker for journal cache (/home/mikolajmichalczyk/.gradle/caches/journal-1)" [_thread_blocked, id=56958, stack(0x00007f4f54900000,0x00007f4f54a00000)]
  0x00007f4ea00c6c10 JavaThread "File lock request listener" [_thread_in_native, id=56959, stack(0x00007f4f54800000,0x00007f4f54900000)]
  0x00007f4ea01bf700 JavaThread "Cache worker for file hash cache (/home/mikolajmichalczyk/.gradle/caches/7.5/fileHashes)" [_thread_blocked, id=56960, stack(0x00007f4f5c095000,0x00007f4f5c195000)]
=>0x00007f4efc0fe650 JavaThread "C2 CompilerThread1" daemon [_thread_in_vm, id=56962, stack(0x00007f4f54700000,0x00007f4f54800000)]
  0x00007f4ea0b7e7f0 JavaThread "File watcher server" daemon [_thread_in_native, id=56968, stack(0x00007f4f54600000,0x00007f4f54700000)]
  0x00007f4ea09204a0 JavaThread "File watcher consumer" daemon [_thread_blocked, id=56969, stack(0x00007f4f54500000,0x00007f4f54600000)]
  0x00007f4ea11c6010 JavaThread "Cache worker for checksums cache (/home/mikolajmichalczyk/StudioProjects/FinanceApp/.gradle/7.5/checksums)" [_thread_blocked, id=56971, stack(0x00007f4f54400000,0x00007f4f54500000)]
  0x00007f4ea0bd0ee0 JavaThread "Cache worker for cache directory md-rule (/home/mikolajmichalczyk/.gradle/caches/7.5/md-rule)" [_thread_blocked, id=56972, stack(0x00007f4f54300000,0x00007f4f54400000)]
  0x00007f4ea0ec6500 JavaThread "Cache worker for file content cache (/home/mikolajmichalczyk/.gradle/caches/7.5/fileContent)" [_thread_blocked, id=56973, stack(0x00007f4f54200000,0x00007f4f54300000)]

Other Threads:
  0x00007f4f741b2410 VMThread "VM Thread" [stack: 0x00007f4f5ccdf000,0x00007f4f5cddf000] [id=56901]
  0x00007f4f741726b0 WatcherThread [stack: 0x00007f4f5c1de000,0x00007f4f5c2de000] [id=56930]
  0x00007f4f74062f50 GCTaskThread "GC Thread#0" [stack: 0x00007f4f78100000,0x00007f4f78200000] [id=56896]
  0x00007f4f340050c0 GCTaskThread "GC Thread#1" [stack: 0x00007f4f55f00000,0x00007f4f56000000] [id=56938]
  0x00007f4f34005b00 GCTaskThread "GC Thread#2" [stack: 0x00007f4f55dff000,0x00007f4f55eff000] [id=56939]
  0x00007f4f34006540 GCTaskThread "GC Thread#3" [stack: 0x00007f4f55cfe000,0x00007f4f55dfe000] [id=56940]
  0x00007f4f74074540 ConcurrentGCThread "G1 Main Marker" [stack: 0x00007f4f73f00000,0x00007f4f74000000] [id=56897]
  0x00007f4f740754b0 ConcurrentGCThread "G1 Conc#0" [stack: 0x00007f4f5d500000,0x00007f4f5d600000] [id=56898]
  0x00007f4f7412bb50 ConcurrentGCThread "G1 Refine#0" [stack: 0x00007f4f5cffb000,0x00007f4f5d0fb000] [id=56899]
  0x00007f4f7412ca50 ConcurrentGCThread "G1 Service" [stack: 0x00007f4f5cefa000,0x00007f4f5cffa000] [id=56900]

Threads with active compile tasks:
C2 CompilerThread0     9944 2262       4       jdk.internal.org.objectweb.asm.Frame::execute (2305 bytes)
C2 CompilerThread1     9944 2188   !   4       java.net.URL::<init> (543 bytes)

VM state: not at safepoint (normal execution)

VM Mutex/Monitor currently owned by a thread: None

Heap address: 0x0000000080000000, size: 2048 MB, Compressed Oops mode: 32-bit

CDS archive(s) not mapped
Compressed class space mapped at: 0x0000000100000000-0x0000000140000000, reserved size: 1073741824
Narrow klass base: 0x0000000000000000, Narrow klass shift: 3, Narrow klass range: 0x140000000

GC Precious Log:
 CPUs: 4 total, 4 available
 Memory: 15729M
 Large Page Support: Disabled
 NUMA Support: Disabled
 Compressed Oops: Enabled (32-bit)
 Heap Region Size: 1M
 Heap Min Capacity: 8M
 Heap Initial Capacity: 246M
 Heap Max Capacity: 2G
 Pre-touch: Disabled
 Parallel Workers: 4
 Concurrent Workers: 1
 Concurrent Refinement Workers: 4
 Periodic GC: Disabled

Heap:
 garbage-first heap   total 68608K, used 41166K [0x0000000080000000, 0x0000000100000000)
  region size 1024K, 25 young (25600K), 3 survivors (3072K)
 Metaspace       used 30222K, committed 30464K, reserved 1114112K
  class space    used 4109K, committed 4224K, reserved 1048576K

Heap Regions: E=young(eden), S=young(survivor), O=old, HS=humongous(starts), HC=humongous(continues), CS=collection set, F=free, OA=open archive, CA=closed archive, TAMS=top-at-mark-start (previous, next)
|   0|0x0000000080000000, 0x0000000080100000, 0x0000000080100000|100%|HS|  |TAMS 0x0000000080100000, 0x0000000080000000| Complete 
|   1|0x0000000080100000, 0x0000000080200000, 0x0000000080200000|100%|HC|  |TAMS 0x0000000080200000, 0x0000000080100000| Complete 
|   2|0x0000000080200000, 0x0000000080300000, 0x0000000080300000|100%|HC|  |TAMS 0x0000000080300000, 0x0000000080200000| Complete 
|   3|0x0000000080300000, 0x0000000080400000, 0x0000000080400000|100%| O|  |TAMS 0x0000000080400000, 0x0000000080300000| Untracked 
|   4|0x0000000080400000, 0x0000000080500000, 0x0000000080500000|100%| O|  |TAMS 0x0000000080500000, 0x0000000080400000| Untracked 
|   5|0x0000000080500000, 0x0000000080600000, 0x0000000080600000|100%| O|  |TAMS 0x0000000080600000, 0x0000000080500000| Untracked 
|   6|0x0000000080600000, 0x0000000080700000, 0x0000000080700000|100%| O|  |TAMS 0x0000000080700000, 0x0000000080600000| Untracked 
|   7|0x0000000080700000, 0x0000000080800000, 0x0000000080800000|100%| O|  |TAMS 0x0000000080800000, 0x0000000080700000| Untracked 
|   8|0x0000000080800000, 0x0000000080900000, 0x0000000080900000|100%| O|  |TAMS 0x0000000080800000, 0x0000000080800000| Untracked 
|   9|0x0000000080900000, 0x0000000080a00000, 0x0000000080a00000|100%| O|  |TAMS 0x0000000080a00000, 0x0000000080900000| Untracked 
|  10|0x0000000080a00000, 0x0000000080b00000, 0x0000000080b00000|100%| O|  |TAMS 0x0000000080b00000, 0x0000000080a00000| Untracked 
|  11|0x0000000080b00000, 0x0000000080b16a00, 0x0000000080c00000|  8%| O|  |TAMS 0x0000000080b16a00, 0x0000000080b00000| Untracked 
|  12|0x0000000080c00000, 0x0000000080d00000, 0x0000000080d00000|100%| O|  |TAMS 0x0000000080c00000, 0x0000000080c00000| Untracked 
|  13|0x0000000080d00000, 0x0000000080e00000, 0x0000000080e00000|100%| O|  |TAMS 0x0000000080d00000, 0x0000000080d00000| Untracked 
|  14|0x0000000080e00000, 0x0000000080f00000, 0x0000000080f00000|100%| O|  |TAMS 0x0000000080e00000, 0x0000000080e00000| Untracked 
|  15|0x0000000080f00000, 0x0000000081000000, 0x0000000081000000|100%| O|  |TAMS 0x0000000080f00000, 0x0000000080f00000| Untracked 
|  16|0x0000000081000000, 0x0000000081100000, 0x0000000081100000|100%| O|  |TAMS 0x0000000081000000, 0x0000000081000000| Untracked 
|  17|0x0000000081100000, 0x000000008115ea00, 0x0000000081200000| 36%| O|  |TAMS 0x0000000081100000, 0x0000000081100000| Untracked 
|  18|0x0000000081200000, 0x0000000081200000, 0x0000000081300000|  0%| F|  |TAMS 0x0000000081200000, 0x0000000081200000| Untracked 
|  19|0x0000000081300000, 0x0000000081300000, 0x0000000081400000|  0%| F|  |TAMS 0x0000000081300000, 0x0000000081300000| Untracked 
|  20|0x0000000081400000, 0x0000000081400000, 0x0000000081500000|  0%| F|  |TAMS 0x0000000081400000, 0x0000000081400000| Untracked 
|  21|0x0000000081500000, 0x0000000081500000, 0x0000000081600000|  0%| F|  |TAMS 0x0000000081500000, 0x0000000081500000| Untracked 
|  22|0x0000000081600000, 0x0000000081600000, 0x0000000081700000|  0%| F|  |TAMS 0x0000000081600000, 0x0000000081600000| Untracked 
|  23|0x0000000081700000, 0x0000000081700000, 0x0000000081800000|  0%| F|  |TAMS 0x0000000081700000, 0x0000000081700000| Untracked 
|  24|0x0000000081800000, 0x00000000818be5f0, 0x0000000081900000| 74%| S|CS|TAMS 0x0000000081800000, 0x0000000081800000| Complete 
|  25|0x0000000081900000, 0x0000000081a00000, 0x0000000081a00000|100%| S|CS|TAMS 0x0000000081900000, 0x0000000081900000| Complete 
|  26|0x0000000081a00000, 0x0000000081b00000, 0x0000000081b00000|100%| S|CS|TAMS 0x0000000081a00000, 0x0000000081a00000| Complete 
|  27|0x0000000081b00000, 0x0000000081b00000, 0x0000000081c00000|  0%| F|  |TAMS 0x0000000081b00000, 0x0000000081b00000| Untracked 
|  28|0x0000000081c00000, 0x0000000081c00000, 0x0000000081d00000|  0%| F|  |TAMS 0x0000000081c00000, 0x0000000081c00000| Untracked 
|  29|0x0000000081d00000, 0x0000000081d00000, 0x0000000081e00000|  0%| F|  |TAMS 0x0000000081d00000, 0x0000000081d00000| Untracked 
|  30|0x0000000081e00000, 0x0000000081e00000, 0x0000000081f00000|  0%| F|  |TAMS 0x0000000081e00000, 0x0000000081e00000| Untracked 
|  31|0x0000000081f00000, 0x0000000081f00000, 0x0000000082000000|  0%| F|  |TAMS 0x0000000081f00000, 0x0000000081f00000| Untracked 
|  32|0x0000000082000000, 0x0000000082000000, 0x0000000082100000|  0%| F|  |TAMS 0x0000000082000000, 0x0000000082000000| Untracked 
|  33|0x0000000082100000, 0x0000000082100000, 0x0000000082200000|  0%| F|  |TAMS 0x0000000082100000, 0x0000000082100000| Untracked 
|  34|0x0000000082200000, 0x0000000082200000, 0x0000000082300000|  0%| F|  |TAMS 0x0000000082200000, 0x0000000082200000| Untracked 
|  35|0x0000000082300000, 0x0000000082300000, 0x0000000082400000|  0%| F|  |TAMS 0x0000000082300000, 0x0000000082300000| Untracked 
|  36|0x0000000082400000, 0x0000000082400000, 0x0000000082500000|  0%| F|  |TAMS 0x0000000082400000, 0x0000000082400000| Untracked 
|  37|0x0000000082500000, 0x0000000082500000, 0x0000000082600000|  0%| F|  |TAMS 0x0000000082500000, 0x0000000082500000| Untracked 
|  38|0x0000000082600000, 0x0000000082600000, 0x0000000082700000|  0%| F|  |TAMS 0x0000000082600000, 0x0000000082600000| Untracked 
|  39|0x0000000082700000, 0x0000000082700000, 0x0000000082800000|  0%| F|  |TAMS 0x0000000082700000, 0x0000000082700000| Untracked 
|  40|0x0000000082800000, 0x0000000082800000, 0x0000000082900000|  0%| F|  |TAMS 0x0000000082800000, 0x0000000082800000| Untracked 
|  41|0x0000000082900000, 0x0000000082900000, 0x0000000082a00000|  0%| F|  |TAMS 0x0000000082900000, 0x0000000082900000| Untracked 
|  42|0x0000000082a00000, 0x0000000082a00000, 0x0000000082b00000|  0%| F|  |TAMS 0x0000000082a00000, 0x0000000082a00000| Untracked 
|  43|0x0000000082b00000, 0x0000000082b00000, 0x0000000082c00000|  0%| F|  |TAMS 0x0000000082b00000, 0x0000000082b00000| Untracked 
|  44|0x0000000082c00000, 0x0000000082c00000, 0x0000000082d00000|  0%| F|  |TAMS 0x0000000082c00000, 0x0000000082c00000| Untracked 
|  45|0x0000000082d00000, 0x0000000082de57b0, 0x0000000082e00000| 89%| E|  |TAMS 0x0000000082d00000, 0x0000000082d00000| Complete 
|  46|0x0000000082e00000, 0x0000000082f00000, 0x0000000082f00000|100%| E|CS|TAMS 0x0000000082e00000, 0x0000000082e00000| Complete 
|  47|0x0000000082f00000, 0x0000000083000000, 0x0000000083000000|100%| E|CS|TAMS 0x0000000082f00000, 0x0000000082f00000| Complete 
|  48|0x0000000083000000, 0x0000000083100000, 0x0000000083100000|100%| E|CS|TAMS 0x0000000083000000, 0x0000000083000000| Complete 
|  49|0x0000000083100000, 0x0000000083200000, 0x0000000083200000|100%| E|CS|TAMS 0x0000000083100000, 0x0000000083100000| Complete 
|  50|0x0000000083200000, 0x0000000083300000, 0x0000000083300000|100%| E|CS|TAMS 0x0000000083200000, 0x0000000083200000| Complete 
|  51|0x0000000083300000, 0x0000000083400000, 0x0000000083400000|100%| E|CS|TAMS 0x0000000083300000, 0x0000000083300000| Complete 
|  52|0x0000000083400000, 0x0000000083500000, 0x0000000083500000|100%| E|CS|TAMS 0x0000000083400000, 0x0000000083400000| Complete 
|  53|0x0000000083500000, 0x0000000083600000, 0x0000000083600000|100%| E|CS|TAMS 0x0000000083500000, 0x0000000083500000| Complete 
|  54|0x0000000083600000, 0x0000000083700000, 0x0000000083700000|100%| E|CS|TAMS 0x0000000083600000, 0x0000000083600000| Complete 
|  55|0x0000000083700000, 0x0000000083800000, 0x0000000083800000|100%| E|CS|TAMS 0x0000000083700000, 0x0000000083700000| Complete 
|  56|0x0000000083800000, 0x0000000083900000, 0x0000000083900000|100%| E|CS|TAMS 0x0000000083800000, 0x0000000083800000| Complete 
|  57|0x0000000083900000, 0x0000000083a00000, 0x0000000083a00000|100%| E|CS|TAMS 0x0000000083900000, 0x0000000083900000| Complete 
| 202|0x000000008ca00000, 0x000000008cb00000, 0x000000008cb00000|100%| E|CS|TAMS 0x000000008ca00000, 0x000000008ca00000| Complete 
| 203|0x000000008cb00000, 0x000000008cc00000, 0x000000008cc00000|100%| E|CS|TAMS 0x000000008cb00000, 0x000000008cb00000| Complete 
| 204|0x000000008cc00000, 0x000000008cd00000, 0x000000008cd00000|100%| E|CS|TAMS 0x000000008cc00000, 0x000000008cc00000| Complete 
| 205|0x000000008cd00000, 0x000000008ce00000, 0x000000008ce00000|100%| E|CS|TAMS 0x000000008cd00000, 0x000000008cd00000| Complete 
| 206|0x000000008ce00000, 0x000000008cf00000, 0x000000008cf00000|100%| E|CS|TAMS 0x000000008ce00000, 0x000000008ce00000| Complete 
| 207|0x000000008cf00000, 0x000000008d000000, 0x000000008d000000|100%| E|CS|TAMS 0x000000008cf00000, 0x000000008cf00000| Complete 
| 208|0x000000008d000000, 0x000000008d100000, 0x000000008d100000|100%| E|CS|TAMS 0x000000008d000000, 0x000000008d000000| Complete 
| 244|0x000000008f400000, 0x000000008f500000, 0x000000008f500000|100%| E|CS|TAMS 0x000000008f400000, 0x000000008f400000| Complete 
| 245|0x000000008f500000, 0x000000008f600000, 0x000000008f600000|100%| E|CS|TAMS 0x000000008f500000, 0x000000008f500000| Complete 

Card table byte_map: [0x00007f4f78200000,0x00007f4f78600000] _byte_map_base: 0x00007f4f77e00000

Marking Bits (Prev, Next): (CMBitMap*) 0x00007f4f74063a20, (CMBitMap*) 0x00007f4f740639e0
 Prev Bits: [0x00007f4f5d600000, 0x00007f4f5f600000)
 Next Bits: [0x00007f4f5f600000, 0x00007f4f61600000)

Polling page: 0x00007f4f7a72b000

Metaspace:

Usage:
  Non-class:     25.51 MB used.
      Class:      4.01 MB used.
       Both:     29.52 MB used.

Virtual space:
  Non-class space:       64.00 MB reserved,      25.62 MB ( 40%) committed,  1 nodes.
      Class space:        1.00 GB reserved,       4.12 MB ( <1%) committed,  1 nodes.
             Both:        1.06 GB reserved,      29.75 MB (  3%) committed. 

Chunk freelists:
   Non-Class:  6.19 MB
       Class:  11.72 MB
        Both:  17.91 MB

MaxMetaspaceSize: unlimited
CompressedClassSpaceSize: 1.00 GB
Initial GC threshold: 21.00 MB
Current GC threshold: 35.12 MB
CDS: off
MetaspaceReclaimPolicy: balanced
 - commit_granule_bytes: 65536.
 - commit_granule_words: 8192.
 - virtual_space_node_default_size: 8388608.
 - enlarge_chunks_in_place: 1.
 - new_chunks_are_fully_committed: 0.
 - uncommit_free_chunks: 1.
 - use_allocation_guard: 0.
 - handle_deallocations: 1.


Internal statistics:

num_allocs_failed_limit: 3.
num_arena_births: 206.
num_arena_deaths: 0.
num_vsnodes_births: 2.
num_vsnodes_deaths: 0.
num_space_committed: 476.
num_space_uncommitted: 0.
num_chunks_returned_to_freelist: 3.
num_chunks_taken_from_freelist: 964.
num_chunk_merges: 3.
num_chunk_splits: 647.
num_chunks_enlarged: 475.
num_inconsistent_stats: 0.

CodeHeap 'non-profiled nmethods': size=120032Kb used=1189Kb max_used=1189Kb free=118843Kb
 bounds [0x00007f4f694c8000, 0x00007f4f69738000, 0x00007f4f70a00000]
CodeHeap 'profiled nmethods': size=120028Kb used=4600Kb max_used=4600Kb free=115428Kb
 bounds [0x00007f4f61a00000, 0x00007f4f61e80000, 0x00007f4f68f37000]
CodeHeap 'non-nmethods': size=5700Kb used=1229Kb max_used=1305Kb free=4470Kb
 bounds [0x00007f4f68f37000, 0x00007f4f691a7000, 0x00007f4f694c8000]
 total_blobs=2847 nmethods=2308 adapters=452
 compilation: enabled
              stopped_count=0, restarted_count=0
 full_count=0

Compilation events (20 events):
Event: 9.590 Thread 0x00007f4f741f1f70 2287       3       sun.reflect.generics.repository.AbstractRepository::getReifier (8 bytes)
Event: 9.590 Thread 0x00007f4f741f1f70 nmethod 2287 0x00007f4f61e61790 code [0x00007f4f61e61940, 0x00007f4f61e61c30]
Event: 9.590 Thread 0x00007f4f741f1f70 2286       3       sun.reflect.generics.scope.ClassScope::<init> (6 bytes)
Event: 9.590 Thread 0x00007f4f741f1f70 nmethod 2286 0x00007f4f61e61d90 code [0x00007f4f61e61f40, 0x00007f4f61e62150]
Event: 9.590 Thread 0x00007f4f741f1f70 2288       1       sun.reflect.generics.repository.AbstractRepository::getTree (5 bytes)
Event: 9.590 Thread 0x00007f4f741f1f70 nmethod 2288 0x00007f4f695e8790 code [0x00007f4f695e8920, 0x00007f4f695e89f0]
Event: 9.605 Thread 0x00007f4f741f1f70 2292       3       sun.reflect.generics.reflectiveObjects.TypeVariableImpl::getGenericDeclaration (71 bytes)
Event: 9.627 Thread 0x00007f4f741f1f70 nmethod 2292 0x00007f4f61e62210 code [0x00007f4f61e62540, 0x00007f4f61e63b50]
Event: 9.627 Thread 0x00007f4f741f1f70 2293       3       sun.reflect.misc.ReflectUtil::checkPackageAccess (14 bytes)
Event: 9.646 Thread 0x00007f4f741f1f70 nmethod 2293 0x00007f4f61e64110 code [0x00007f4f61e64420, 0x00007f4f61e656b0]
Event: 9.658 Thread 0x00007f4f741f1f70 2294       3       java.lang.Class::getGenericInfo (52 bytes)
Event: 9.660 Thread 0x00007f4f741f1f70 nmethod 2294 0x00007f4f61e65d10 code [0x00007f4f61e65fa0, 0x00007f4f61e66d20]
Event: 9.660 Thread 0x00007f4f741f1f70 2295       3       com.google.common.reflect.TypeResolver$TypeVariableKey::equalsTypeVariable (48 bytes)
Event: 9.660 Thread 0x00007f4f741f1f70 nmethod 2295 0x00007f4f61e67210 code [0x00007f4f61e67400, 0x00007f4f61e67870]
Event: 9.674 Thread 0x00007f4f741f1f70 2296   !   3       com.google.common.reflect.TypeVisitor::visit (244 bytes)
Event: 9.700 Thread 0x00007f4f741f1f70 nmethod 2296 0x00007f4f61e67a90 code [0x00007f4f61e67e20, 0x00007f4f61e69ac0]
Event: 9.700 Thread 0x00007f4f741f1f70 2300       3       org.gradle.internal.instantiation.generator.AbstractClassGenerator$InjectionAnnotationValidator::validateMethod (502 bytes)
Event: 9.752 Thread 0x00007f4f741f1f70 nmethod 2300 0x00007f4f61e6a410 code [0x00007f4f61e6aca0, 0x00007f4f61e6f220]
Event: 9.752 Thread 0x00007f4f741f1f70 2307       3       org.objectweb.asm.Type::getArgumentsAndReturnSizes (140 bytes)
Event: 9.758 Thread 0x00007f4efc0fe650 nmethod 2188 0x00007f4f695e8a90 code [0x00007f4f695e8f40, 0x00007f4f695edfe0]

GC Heap History (10 events):
Event: 1.320 GC heap before
{Heap before GC invocations=0 (full 0):
 garbage-first heap   total 251904K, used 15360K [0x0000000080000000, 0x0000000100000000)
  region size 1024K, 13 young (13312K), 0 survivors (0K)
 Metaspace       used 6994K, committed 7168K, reserved 1114112K
  class space    used 606K, committed 704K, reserved 1048576K
}
Event: 1.342 GC heap after
{Heap after GC invocations=1 (full 0):
 garbage-first heap   total 251904K, used 3363K [0x0000000080000000, 0x0000000100000000)
  region size 1024K, 2 young (2048K), 2 survivors (2048K)
 Metaspace       used 6994K, committed 7168K, reserved 1114112K
  class space    used 606K, committed 704K, reserved 1048576K
}
Event: 2.397 GC heap before
{Heap before GC invocations=1 (full 0):
 garbage-first heap   total 251904K, used 20771K [0x0000000080000000, 0x0000000100000000)
  region size 1024K, 16 young (16384K), 2 survivors (2048K)
 Metaspace       used 10998K, committed 11200K, reserved 1114112K
  class space    used 1167K, committed 1280K, reserved 1048576K
}
Event: 2.412 GC heap after
{Heap after GC invocations=2 (full 0):
 garbage-first heap   total 251904K, used 9382K [0x0000000080000000, 0x0000000100000000)
  region size 1024K, 2 young (2048K), 2 survivors (2048K)
 Metaspace       used 10998K, committed 11200K, reserved 1114112K
  class space    used 1167K, committed 1280K, reserved 1048576K
}
Event: 2.805 GC heap before
{Heap before GC invocations=2 (full 0):
 garbage-first heap   total 251904K, used 28838K [0x0000000080000000, 0x0000000100000000)
  region size 1024K, 21 young (21504K), 2 survivors (2048K)
 Metaspace       used 11189K, committed 11392K, reserved 1114112K
  class space    used 1174K, committed 1280K, reserved 1048576K
}
Event: 2.817 GC heap after
{Heap after GC invocations=3 (full 0):
 garbage-first heap   total 251904K, used 13402K [0x0000000080000000, 0x0000000100000000)
  region size 1024K, 3 young (3072K), 3 survivors (3072K)
 Metaspace       used 11189K, committed 11392K, reserved 1114112K
  class space    used 1174K, committed 1280K, reserved 1048576K
}
Event: 4.835 GC heap before
{Heap before GC invocations=3 (full 0):
 garbage-first heap   total 251904K, used 47194K [0x0000000080000000, 0x0000000100000000)
  region size 1024K, 37 young (37888K), 3 survivors (3072K)
 Metaspace       used 21250K, committed 21504K, reserved 1114112K
  class space    used 2596K, committed 2752K, reserved 1048576K
}
Event: 4.859 GC heap after
{Heap after GC invocations=4 (full 0):
 garbage-first heap   total 251904K, used 17144K [0x0000000080000000, 0x0000000100000000)
  region size 1024K, 7 young (7168K), 7 survivors (7168K)
 Metaspace       used 21250K, committed 21504K, reserved 1114112K
  class space    used 2596K, committed 2752K, reserved 1048576K
}
Event: 7.379 GC heap before
{Heap before GC invocations=5 (full 0):
 garbage-first heap   total 68608K, used 50936K [0x0000000080000000, 0x0000000100000000)
  region size 1024K, 40 young (40960K), 7 survivors (7168K)
 Metaspace       used 26757K, committed 27008K, reserved 1114112K
  class space    used 3548K, committed 3648K, reserved 1048576K
}
Event: 7.425 GC heap after
{Heap after GC invocations=6 (full 0):
 garbage-first heap   total 68608K, used 19662K [0x0000000080000000, 0x0000000100000000)
  region size 1024K, 3 young (3072K), 3 survivors (3072K)
 Metaspace       used 26757K, committed 27008K, reserved 1114112K
  class space    used 3548K, committed 3648K, reserved 1048576K
}

Dll operation events (11 events):
Event: 0.008 Loaded shared library /home/mikolajmichalczyk/.local/share/JetBrains/Toolbox/apps/android-studio/jbr/lib/libjava.so
Event: 0.674 Loaded shared library /home/mikolajmichalczyk/.local/share/JetBrains/Toolbox/apps/android-studio/jbr/lib/libnio.so
Event: 0.707 Loaded shared library /home/mikolajmichalczyk/.local/share/JetBrains/Toolbox/apps/android-studio/jbr/lib/libzip.so
Event: 1.058 Loaded shared library /home/mikolajmichalczyk/.local/share/JetBrains/Toolbox/apps/android-studio/jbr/lib/libjimage.so
Event: 1.242 Loaded shared library /home/mikolajmichalczyk/.local/share/JetBrains/Toolbox/apps/android-studio/jbr/lib/libverify.so
Event: 1.828 Loaded shared library /home/mikolajmichalczyk/.local/share/JetBrains/Toolbox/apps/android-studio/jbr/lib/libnet.so
Event: 1.832 Loaded shared library /home/mikolajmichalczyk/.gradle/native/e1d6ef7f7dcc3fd88c89a11ec53ec762bb8ba0a96d01ffa2cd45eb1d1d8dd5c5/linux-amd64/libnative-platform.so
Event: 1.842 Loaded shared library /home/mikolajmichalczyk/.gradle/native/0d407fdbe67a94daf76414ababcb853783967236a71b16ec16e742cd7a986fd3/linux-amd64/libnative-platform-file-events.so
Event: 3.334 Loaded shared library /home/mikolajmichalczyk/.local/share/JetBrains/Toolbox/apps/android-studio/jbr/lib/libmanagement.so
Event: 3.338 Loaded shared library /home/mikolajmichalczyk/.local/share/JetBrains/Toolbox/apps/android-studio/jbr/lib/libmanagement_ext.so
Event: 3.763 Loaded shared library /home/mikolajmichalczyk/.local/share/JetBrains/Toolbox/apps/android-studio/jbr/lib/libextnet.so

Deoptimization events (20 events):
Event: 5.723 Thread 0x00007f4eb40082d0 Uncommon trap: trap_request=0xffffffc6 fr.pc=0x00007f4f6959aa98 relative=0x00000000000008d8
Event: 5.723 Thread 0x00007f4eb40082d0 Uncommon trap: reason=bimorphic_or_optimized_type_check action=maybe_recompile pc=0x00007f4f6959aa98 method=java.util.HashMap.getNode(Ljava/lang/Object;)Ljava/util/HashMap$Node; @ 128 c2
Event: 5.723 Thread 0x00007f4eb40082d0 DEOPT PACKING pc=0x00007f4f6959aa98 sp=0x00007f4f54dfab50
Event: 5.723 Thread 0x00007f4eb40082d0 DEOPT UNPACKING pc=0x00007f4f68f8d699 sp=0x00007f4f54dfaa98 mode 2
Event: 5.724 Thread 0x00007f4eb40082d0 Uncommon trap: trap_request=0xffffff45 fr.pc=0x00007f4f694f91fc relative=0x000000000000023c
Event: 5.724 Thread 0x00007f4eb40082d0 Uncommon trap: reason=unstable_if action=reinterpret pc=0x00007f4f694f91fc method=java.util.HashMap.getNode(Ljava/lang/Object;)Ljava/util/HashMap$Node; @ 66 c2
Event: 5.724 Thread 0x00007f4eb40082d0 DEOPT PACKING pc=0x00007f4f694f91fc sp=0x00007f4f54dfaaf0
Event: 5.724 Thread 0x00007f4eb40082d0 DEOPT UNPACKING pc=0x00007f4f68f8d699 sp=0x00007f4f54dfaaa0 mode 2
Event: 5.788 Thread 0x00007f4eb40082d0 Uncommon trap: trap_request=0xffffff45 fr.pc=0x00007f4f69546434 relative=0x00000000000003f4
Event: 5.788 Thread 0x00007f4eb40082d0 Uncommon trap: reason=unstable_if action=reinterpret pc=0x00007f4f69546434 method=java.util.concurrent.ConcurrentHashMap.get(Ljava/lang/Object;)Ljava/lang/Object; @ 152 c2
Event: 5.788 Thread 0x00007f4eb40082d0 DEOPT PACKING pc=0x00007f4f69546434 sp=0x00007f4f54dfa070
Event: 5.788 Thread 0x00007f4eb40082d0 DEOPT UNPACKING pc=0x00007f4f68f8d699 sp=0x00007f4f54dfa018 mode 2
Event: 7.663 Thread 0x00007f4eb40082d0 Uncommon trap: trap_request=0xffffff76 fr.pc=0x00007f4f695b85bc relative=0x000000000000017c
Event: 7.663 Thread 0x00007f4eb40082d0 Uncommon trap: reason=predicate action=maybe_recompile pc=0x00007f4f695b85bc method=com.google.common.base.CharMatcher.indexIn(Ljava/lang/CharSequence;I)I @ 19 c2
Event: 7.663 Thread 0x00007f4eb40082d0 DEOPT PACKING pc=0x00007f4f695b85bc sp=0x00007f4f54dfb260
Event: 7.663 Thread 0x00007f4eb40082d0 DEOPT UNPACKING pc=0x00007f4f68f8d699 sp=0x00007f4f54dfb210 mode 2
Event: 9.585 Thread 0x00007f4eb40082d0 Uncommon trap: trap_request=0xffffff45 fr.pc=0x00007f4f6950e818 relative=0x00000000000005d8
Event: 9.585 Thread 0x00007f4eb40082d0 Uncommon trap: reason=unstable_if action=reinterpret pc=0x00007f4f6950e818 method=java.util.HashMap.hash(Ljava/lang/Object;)I @ 1 c2
Event: 9.585 Thread 0x00007f4eb40082d0 DEOPT PACKING pc=0x00007f4f6950e818 sp=0x00007f4f54df7760
Event: 9.585 Thread 0x00007f4eb40082d0 DEOPT UNPACKING pc=0x00007f4f68f8d699 sp=0x00007f4f54df7628 mode 2

Classes unloaded (0 events):
No events

Classes redefined (0 events):
No events

Internal exceptions (20 events):
Event: 5.279 Thread 0x00007f4eb40082d0 Exception <a 'java/lang/NoSuchMethodError'{0x00000000832becf8}: 'java.lang.Object java.lang.invoke.DirectMethodHandle$Holder.invokeInterface(java.lang.Object, java.lang.Object)'> (0x00000000832becf8) 
thrown [src/hotspot/share/interpreter/linkResolver.cpp, line 771]
Event: 5.344 Thread 0x00007f4eb40082d0 Exception <a 'java/lang/NoSuchMethodError'{0x000000008306cbd8}: 'void java.lang.invoke.DirectMethodHandle$Holder.invokeSpecial(java.lang.Object, java.lang.Object, java.lang.Object, java.lang.Object, java.lang.Object)'> (0x000000008306cbd8) 
thrown [src/hotspot/share/interpreter/linkResolver.cpp, line 771]
Event: 5.403 Thread 0x00007f4eb40082d0 Exception <a 'java/lang/NoSuchMethodError'{0x0000000082fa7a88}: 'java.lang.Object java.lang.invoke.DirectMethodHandle$Holder.invokeSpecial(java.lang.Object, java.lang.Object, java.lang.Object, java.lang.Object, java.lang.Object, java.lang.Object, java.lang.Object, java.lang.Object, java.lang.Object)'> (0x0000000082fa7a88) 
thrown [src/hotspot/share/interpreter/linkResolver.cpp, line 771]
Event: 5.592 Thread 0x00007f4eb40082d0 Exception <a 'java/lang/NoSuchMethodError'{0x0000000082a0d908}: 'void java.lang.invoke.DirectMethodHandle$Holder.invokeStatic(java.lang.Object, java.lang.Object)'> (0x0000000082a0d908) 
thrown [src/hotspot/share/interpreter/linkResolver.cpp, line 771]
Event: 5.604 Thread 0x00007f4eb40082d0 Exception <a 'java/lang/NoSuchMethodError'{0x0000000082a4fb90}: 'java.lang.Object java.lang.invoke.DirectMethodHandle$Holder.invokeVirtual(java.lang.Object, java.lang.Object, java.lang.Object, java.lang.Object)'> (0x0000000082a4fb90) 
thrown [src/hotspot/share/interpreter/linkResolver.cpp, line 771]
Event: 5.762 Thread 0x00007f4eb40082d0 Exception <a 'java/lang/NoSuchMethodError'{0x0000000082897168}: 'java.lang.Object java.lang.invoke.DirectMethodHandle$Holder.newInvokeSpecial(java.lang.Object, java.lang.Object, java.lang.Object, java.lang.Object, java.lang.Object)'> (0x0000000082897168) 
thrown [src/hotspot/share/interpreter/linkResolver.cpp, line 771]
Event: 5.929 Thread 0x00007f4eb40082d0 Exception <a 'java/lang/NoSuchMethodError'{0x0000000082698490}: 'void java.lang.invoke.DirectMethodHandle$Holder.invokeSpecial(java.lang.Object, java.lang.Object, java.lang.Object, java.lang.Object, java.lang.Object, java.lang.Object)'> (0x0000000082698490) 
thrown [src/hotspot/share/interpreter/linkResolver.cpp, line 771]
Event: 5.949 Thread 0x00007f4eb40082d0 Exception <a 'java/lang/NoSuchMethodError'{0x00000000826df1e0}: 'java.lang.Object java.lang.invoke.DirectMethodHandle$Holder.newInvokeSpecial(java.lang.Object, java.lang.Object, java.lang.Object, java.lang.Object, java.lang.Object, java.lang.Object, java.lang.Object)'> (0x00000000826df1e0) 
thrown [src/hotspot/share/interpreter/linkResolver.cpp, line 771]
Event: 5.951 Thread 0x00007f4eb40082d0 Exception <a 'java/lang/NoSuchMethodError'{0x00000000826e3eb0}: 'java.lang.Object java.lang.invoke.Invokers$Holder.linkToTargetMethod(java.lang.Object, java.lang.Object, java.lang.Object, java.lang.Object, java.lang.Object, java.lang.Object, java.lang.Object)'> (0x00000000826e3eb0) 
thrown [src/hotspot/share/interpreter/linkResolver.cpp, line 771]
Event: 6.056 Thread 0x00007f4eb40082d0 Exception <a 'java/lang/NoSuchMethodError'{0x00000000825a8ab8}: 'void java.lang.invoke.DirectMethodHandle$Holder.invokeSpecial(java.lang.Object, java.lang.Object, java.lang.Object, java.lang.Object, java.lang.Object, java.lang.Object, java.lang.Object)'> (0x00000000825a8ab8) 
thrown [src/hotspot/share/interpreter/linkResolver.cpp, line 771]
Event: 6.223 Thread 0x00007f4eb40082d0 Exception <a 'java/lang/NoSuchMethodError'{0x000000008233ce80}: 'java.lang.Object java.lang.invoke.DirectMethodHandle$Holder.invokeVirtual(java.lang.Object, java.lang.Object, java.lang.Object, java.lang.Object, java.lang.Object, java.lang.Object, java.lang.Object, java.lang.Object, java.lang.Object, java.lang.Object, java.lang.Object, java.lang.Object, java.lang.Object, java.lang.Object, java.lang.Object, java.lang.Object, java.lang.Object, java.lang.Object, java.lang.Object, java.lang.Object, java.lang.Ob
Event: 6.657 Thread 0x00007f4eb40082d0 Exception <a 'java/lang/NoSuchMethodError'{0x0000000081f20398}: 'int java.lang.invoke.DirectMethodHandle$Holder.invokeStaticInit(java.lang.Object, java.lang.Object, java.lang.Object)'> (0x0000000081f20398) 
thrown [src/hotspot/share/interpreter/linkResolver.cpp, line 771]
Event: 7.232 Thread 0x00007f4eb40082d0 Exception <a 'java/lang/NoSuchMethodError'{0x0000000081b3f7e8}: 'void java.lang.invoke.DirectMethodHandle$Holder.invokeStaticInit(java.lang.Object, java.lang.Object)'> (0x0000000081b3f7e8) 
thrown [src/hotspot/share/interpreter/linkResolver.cpp, line 771]
Event: 7.803 Thread 0x00007f4eb40082d0 Exception <a 'java/lang/NoSuchMethodError'{0x000000008cff95e8}: 'void java.lang.invoke.DirectMethodHandle$Holder.invokeStatic(java.lang.Object, java.lang.Object, java.lang.Object, java.lang.Object)'> (0x000000008cff95e8) 
thrown [src/hotspot/share/interpreter/linkResolver.cpp, line 771]
Event: 7.829 Thread 0x00007f4eb40082d0 Exception <a 'java/lang/NoSuchMethodError'{0x000000008ce0e8c0}: 'int java.lang.invoke.DirectMethodHandle$Holder.invokeVirtual(java.lang.Object, java.lang.Object)'> (0x000000008ce0e8c0) 
thrown [src/hotspot/share/interpreter/linkResolver.cpp, line 771]
Event: 7.836 Thread 0x00007f4eb40082d0 Exception <a 'java/lang/NoSuchMethodError'{0x000000008ce21740}: 'java.lang.Object java.lang.invoke.DirectMethodHandle$Holder.invokeStaticInit(java.lang.Object, java.lang.Object, java.lang.Object)'> (0x000000008ce21740) 
thrown [src/hotspot/share/interpreter/linkResolver.cpp, line 771]
Event: 7.837 Thread 0x00007f4eb40082d0 Exception <a 'java/lang/NoSuchMethodError'{0x000000008ce278e0}: 'java.lang.Object java.lang.invoke.DirectMethodHandle$Holder.invokeVirtual(java.lang.Object, java.lang.Object, java.lang.Object)'> (0x000000008ce278e0) 
thrown [src/hotspot/share/interpreter/linkResolver.cpp, line 771]
Event: 7.846 Thread 0x00007f4eb40082d0 Exception <a 'java/lang/NoSuchMethodError'{0x000000008ce453a0}: 'int java.lang.invoke.DirectMethodHandle$Holder.invokeVirtual(java.lang.Object, java.lang.Object, java.lang.Object)'> (0x000000008ce453a0) 
thrown [src/hotspot/share/interpreter/linkResolver.cpp, line 771]
Event: 8.683 Thread 0x00007f4eb40082d0 Exception <a 'java/lang/NoSuchMethodError'{0x0000000083410080}: 'java.lang.Object java.lang.invoke.DirectMethodHandle$Holder.invokeSpecialIFC(java.lang.Object, java.lang.Object, java.lang.Object, java.lang.Object)'> (0x0000000083410080) 
thrown [src/hotspot/share/interpreter/linkResolver.cpp, line 771]
Event: 9.585 Thread 0x00007f4eb40082d0 Implicit null exception at 0x00007f4f6950e28f to 0x00007f4f6950e7f8

VM Operations (20 events):
Event: 4.793 Executing VM operation: HandshakeAllThreads
Event: 4.793 Executing VM operation: HandshakeAllThreads done
Event: 4.835 Executing VM operation: CollectForMetadataAllocation
Event: 4.859 Executing VM operation: CollectForMetadataAllocation done
Event: 4.883 Executing VM operation: G1PauseRemark
Event: 4.887 Executing VM operation: G1PauseRemark done
Event: 4.897 Executing VM operation: G1PauseCleanup
Event: 4.898 Executing VM operation: G1PauseCleanup done
Event: 5.898 Executing VM operation: Cleanup
Event: 5.898 Executing VM operation: Cleanup done
Event: 6.899 Executing VM operation: Cleanup
Event: 6.901 Executing VM operation: Cleanup done
Event: 7.379 Executing VM operation: G1CollectForAllocation
Event: 7.426 Executing VM operation: G1CollectForAllocation done
Event: 8.428 Executing VM operation: Cleanup
Event: 8.431 Executing VM operation: Cleanup done
Event: 9.431 Executing VM operation: Cleanup
Event: 9.435 Executing VM operation: Cleanup done
Event: 9.605 Executing VM operation: HandshakeAllThreads
Event: 9.605 Executing VM operation: HandshakeAllThreads done

Events (20 events):
Event: 7.799 loading class java/io/InterruptedIOException
Event: 7.799 loading class java/io/InterruptedIOException done
Event: 7.826 Thread 0x00007f4ea09204a0 Thread added: 0x00007f4ea09204a0
Event: 7.827 Protecting memory [0x00007f4f54500000,0x00007f4f54504000] with protection modes 0
Event: 7.850 loading class java/util/ArrayDeque$DeqSpliterator
Event: 7.851 loading class java/util/ArrayDeque$DeqSpliterator done
Event: 8.635 Thread 0x00007f4ea11c6010 Thread added: 0x00007f4ea11c6010
Event: 8.636 Protecting memory [0x00007f4f54400000,0x00007f4f54404000] with protection modes 0
Event: 8.883 Thread 0x00007f4ea0bd0ee0 Thread added: 0x00007f4ea0bd0ee0
Event: 8.888 Protecting memory [0x00007f4f54300000,0x00007f4f54304000] with protection modes 0
Event: 9.093 Thread 0x00007f4ea0ec6500 Thread added: 0x00007f4ea0ec6500
Event: 9.093 Protecting memory [0x00007f4f54200000,0x00007f4f54204000] with protection modes 0
Event: 9.628 loading class java/lang/Class$EnclosingMethodInfo
Event: 9.628 loading class java/lang/Class$EnclosingMethodInfo done
Event: 9.647 loading class sun/reflect/generics/tree/IntSignature
Event: 9.647 loading class sun/reflect/generics/tree/IntSignature done
Event: 9.647 loading class sun/reflect/generics/tree/ArrayTypeSignature
Event: 9.647 loading class sun/reflect/generics/tree/ArrayTypeSignature done
Event: 9.691 loading class java/lang/SafeVarargs
Event: 9.701 loading class java/lang/SafeVarargs done


Dynamic libraries:
80000000-83a00000 rw-p 00000000 00:00 0 
83a00000-8ca00000 ---p 00000000 00:00 0 
8ca00000-8d100000 rw-p 00000000 00:00 0 
8d100000-8f400000 ---p 00000000 00:00 0 
8f400000-8f600000 rw-p 00000000 00:00 0 
8f600000-100000000 ---p 00000000 00:00 0 
100000000-100010000 rw-p 00000000 00:00 0 
100010000-100030000 rw-p 00000000 00:00 0 
100030000-1000b0000 rw-p 00000000 00:00 0 
1000b0000-100130000 rw-p 00000000 00:00 0 
100130000-100170000 rw-p 00000000 00:00 0 
100170000-1001b0000 rw-p 00000000 00:00 0 
1001b0000-1001f0000 rw-p 00000000 00:00 0 
1001f0000-100290000 rw-p 00000000 00:00 0 
100290000-1002c0000 ---p 00000000 00:00 0 
1002c0000-100450000 rw-p 00000000 00:00 0 
100450000-140000000 ---p 00000000 00:00 0 
55eed5322000-55eed5323000 r--p 00000000 00:21 866355                     /home/mikolajmichalczyk/.local/share/JetBrains/Toolbox/apps/android-studio/jbr/bin/java
55eed5323000-55eed5324000 r-xp 00000000 00:21 866355                     /home/mikolajmichalczyk/.local/share/JetBrains/Toolbox/apps/android-studio/jbr/bin/java
55eed5324000-55eed5326000 r--p 00000000 00:21 866355                     /home/mikolajmichalczyk/.local/share/JetBrains/Toolbox/apps/android-studio/jbr/bin/java
55eed5326000-55eed5327000 rw-p 00001000 00:21 866355                     /home/mikolajmichalczyk/.local/share/JetBrains/Toolbox/apps/android-studio/jbr/bin/java
55eefd7ce000-55eefd816000 rw-p 00000000 00:00 0                          [heap]
7f4e94000000-7f4e94021000 rw-p 00000000 00:00 0 
7f4e94021000-7f4e98000000 ---p 00000000 00:00 0 
7f4e9c000000-7f4e9c021000 rw-p 00000000 00:00 0 
7f4e9c021000-7f4ea0000000 ---p 00000000 00:00 0 
7f4ea0000000-7f4ea15f7000 rw-p 00000000 00:00 0 
7f4ea15f7000-7f4ea4000000 ---p 00000000 00:00 0 
7f4ea8000000-7f4ea8021000 rw-p 00000000 00:00 0 
7f4ea8021000-7f4eac000000 ---p 00000000 00:00 0 
7f4eac000000-7f4eac024000 rw-p 00000000 00:00 0 
7f4eac024000-7f4eb0000000 ---p 00000000 00:00 0 
7f4eb4000000-7f4eb4021000 rw-p 00000000 00:00 0 
7f4eb4021000-7f4eb8000000 ---p 00000000 00:00 0 
7f4eb8000000-7f4eb8021000 rw-p 00000000 00:00 0 
7f4eb8021000-7f4ebc000000 ---p 00000000 00:00 0 
7f4ec0000000-7f4ec0055000 rw-p 00000000 00:00 0 
7f4ec0055000-7f4ec4000000 ---p 00000000 00:00 0 
7f4ec4000000-7f4ec4023000 rw-p 00000000 00:00 0 
7f4ec4023000-7f4ec8000000 ---p 00000000 00:00 0 
7f4ecc000000-7f4ecc021000 rw-p 00000000 00:00 0 
7f4ecc021000-7f4ed0000000 ---p 00000000 00:00 0 
7f4ed0000000-7f4ed0021000 rw-p 00000000 00:00 0 
7f4ed0021000-7f4ed4000000 ---p 00000000 00:00 0 
7f4ed8000000-7f4ed8021000 rw-p 00000000 00:00 0 
7f4ed8021000-7f4edc000000 ---p 00000000 00:00 0 
7f4edc000000-7f4edcbea000 rw-p 00000000 00:00 0 
7f4edcbea000-7f4ee0000000 ---p 00000000 00:00 0 
7f4ee4000000-7f4ee4021000 rw-p 00000000 00:00 0 
7f4ee4021000-7f4ee8000000 ---p 00000000 00:00 0 
7f4ee8000000-7f4ee8021000 rw-p 00000000 00:00 0 
7f4ee8021000-7f4eec000000 ---p 00000000 00:00 0 
7f4ef0000000-7f4ef0021000 rw-p 00000000 00:00 0 
7f4ef0021000-7f4ef4000000 ---p 00000000 00:00 0 
7f4ef4000000-7f4ef4021000 rw-p 00000000 00:00 0 
7f4ef4021000-7f4ef8000000 ---p 00000000 00:00 0 
7f4efc000000-7f4efc762000 rw-p 00000000 00:00 0 
7f4efc762000-7f4f00000000 ---p 00000000 00:00 0 
7f4f00000000-7f4f0185a000 rw-p 00000000 00:00 0 
7f4f0185a000-7f4f04000000 ---p 00000000 00:00 0 
7f4f08000000-7f4f08021000 rw-p 00000000 00:00 0 
7f4f08021000-7f4f0c000000 ---p 00000000 00:00 0 
7f4f0c000000-7f4f0c021000 rw-p 00000000 00:00 0 
7f4f0c021000-7f4f10000000 ---p 00000000 00:00 0 
7f4f14000000-7f4f14021000 rw-p 00000000 00:00 0 
7f4f14021000-7f4f18000000 ---p 00000000 00:00 0 
7f4f1a400000-7f4f27f1d000 r--p 00000000 00:21 586698                     /usr/lib/locale/locale-archive
7f4f28000000-7f4f28021000 rw-p 00000000 00:00 0 
7f4f28021000-7f4f2c000000 ---p 00000000 00:00 0 
7f4f30000000-7f4f30021000 rw-p 00000000 00:00 0 
7f4f30021000-7f4f34000000 ---p 00000000 00:00 0 
7f4f34000000-7f4f34021000 rw-p 00000000 00:00 0 
7f4f34021000-7f4f38000000 ---p 00000000 00:00 0 
7f4f3c000000-7f4f3c4f0000 rw-p 00000000 00:00 0 
7f4f3c4f0000-7f4f3c530000 rw-p 00000000 00:00 0 
7f4f3c530000-7f4f3c570000 rw-p 00000000 00:00 0 
7f4f3c570000-7f4f3c6f0000 rw-p 00000000 00:00 0 
7f4f3c6f0000-7f4f3c7b0000 rw-p 00000000 00:00 0 
7f4f3c7b0000-7f4f3c8f0000 rw-p 00000000 00:00 0 
7f4f3c8f0000-7f4f3ca90000 rw-p 00000000 00:00 0 
7f4f3ca90000-7f4f3cab0000 rw-p 00000000 00:00 0 
7f4f3cab0000-7f4f3caf0000 rw-p 00000000 00:00 0 
7f4f3caf0000-7f4f3ccf0000 rw-p 00000000 00:00 0 
7f4f3ccf0000-7f4f3cdb0000 rw-p 00000000 00:00 0 
7f4f3cdb0000-7f4f3cef0000 rw-p 00000000 00:00 0 
7f4f3cef0000-7f4f3cfb0000 rw-p 00000000 00:00 0 
7f4f3cfb0000-7f4f3cff0000 rw-p 00000000 00:00 0 
7f4f3cff0000-7f4f3d0f0000 rw-p 00000000 00:00 0 
7f4f3d0f0000-7f4f3d1d0000 rw-p 00000000 00:00 0 
7f4f3d1d0000-7f4f3d200000 ---p 00000000 00:00 0 
7f4f3d200000-7f4f3d9e0000 rw-p 00000000 00:00 0 
7f4f3d9e0000-7f4f40000000 ---p 00000000 00:00 0 
7f4f40000000-7f4f40021000 rw-p 00000000 00:00 0 
7f4f40021000-7f4f44000000 ---p 00000000 00:00 0 
7f4f44000000-7f4f44021000 rw-p 00000000 00:00 0 
7f4f44021000-7f4f48000000 ---p 00000000 00:00 0 
7f4f4bc00000-7f4f4be9d000 rw-p 00000000 00:00 0 
7f4f4c000000-7f4f4c021000 rw-p 00000000 00:00 0 
7f4f4c021000-7f4f50000000 ---p 00000000 00:00 0 
7f4f50000000-7f4f50021000 rw-p 00000000 00:00 0 
7f4f50021000-7f4f54000000 ---p 00000000 00:00 0 
7f4f54200000-7f4f54204000 ---p 00000000 00:00 0 
7f4f54204000-7f4f54300000 rw-p 00000000 00:00 0 
7f4f54300000-7f4f54304000 ---p 00000000 00:00 0 
7f4f54304000-7f4f54400000 rw-p 00000000 00:00 0 
7f4f54400000-7f4f54404000 ---p 00000000 00:00 0 
7f4f54404000-7f4f54500000 rw-p 00000000 00:00 0 
7f4f54500000-7f4f54504000 ---p 00000000 00:00 0 
7f4f54504000-7f4f54600000 rw-p 00000000 00:00 0 
7f4f54600000-7f4f54604000 ---p 00000000 00:00 0 
7f4f54604000-7f4f54700000 rw-p 00000000 00:00 0 
7f4f54700000-7f4f54704000 ---p 00000000 00:00 0 
7f4f54704000-7f4f54800000 rw-p 00000000 00:00 0 
7f4f54800000-7f4f54804000 ---p 00000000 00:00 0 
7f4f54804000-7f4f54900000 rw-p 00000000 00:00 0 
7f4f54900000-7f4f54904000 ---p 00000000 00:00 0 
7f4f54904000-7f4f54a00000 rw-p 00000000 00:00 0 
7f4f54a00000-7f4f54a04000 ---p 00000000 00:00 0 
7f4f54a04000-7f4f54b00000 rw-p 00000000 00:00 0 
7f4f54b00000-7f4f54b04000 ---p 00000000 00:00 0 
7f4f54b04000-7f4f54c00000 rw-p 00000000 00:00 0 
7f4f54c00000-7f4f54c04000 ---p 00000000 00:00 0 
7f4f54c04000-7f4f54d00000 rw-p 00000000 00:00 0 
7f4f54d00000-7f4f54d04000 ---p 00000000 00:00 0 
7f4f54d04000-7f4f54e00000 rw-p 00000000 00:00 0 
7f4f54e00000-7f4f54e9d000 r--p 00000000 00:21 587692                     /usr/lib64/libstdc++.so.6.0.33
7f4f54e9d000-7f4f54fd5000 r-xp 0009d000 00:21 587692                     /usr/lib64/libstdc++.so.6.0.33
7f4f54fd5000-7f4f55051000 r--p 001d5000 00:21 587692                     /usr/lib64/libstdc++.so.6.0.33
7f4f55051000-7f4f5505e000 r--p 00251000 00:21 587692                     /usr/lib64/libstdc++.so.6.0.33
7f4f5505e000-7f4f5505f000 rw-p 0025e000 00:21 587692                     /usr/lib64/libstdc++.so.6.0.33
7f4f5505f000-7f4f55063000 rw-p 00000000 00:00 0 
7f4f55100000-7f4f55104000 ---p 00000000 00:00 0 
7f4f55104000-7f4f55200000 rw-p 00000000 00:00 0 
7f4f55200000-7f4f55253000 r-xp 00000000 00:21 903615                     /home/mikolajmichalczyk/.gradle/native/0d407fdbe67a94daf76414ababcb853783967236a71b16ec16e742cd7a986fd3/linux-amd64/libnative-platform-file-events.so
7f4f55253000-7f4f55452000 ---p 00053000 00:21 903615                     /home/mikolajmichalczyk/.gradle/native/0d407fdbe67a94daf76414ababcb853783967236a71b16ec16e742cd7a986fd3/linux-amd64/libnative-platform-file-events.so
7f4f55452000-7f4f55453000 r--p 00052000 00:21 903615                     /home/mikolajmichalczyk/.gradle/native/0d407fdbe67a94daf76414ababcb853783967236a71b16ec16e742cd7a986fd3/linux-amd64/libnative-platform-file-events.so
7f4f55453000-7f4f55455000 rw-p 00053000 00:21 903615                     /home/mikolajmichalczyk/.gradle/native/0d407fdbe67a94daf76414ababcb853783967236a71b16ec16e742cd7a986fd3/linux-amd64/libnative-platform-file-events.so
7f4f55500000-7f4f55504000 ---p 00000000 00:00 0 
7f4f55504000-7f4f55600000 rw-p 00000000 00:00 0 
7f4f55600000-7f4f55604000 ---p 00000000 00:00 0 
7f4f55604000-7f4f55700000 rw-p 00000000 00:00 0 
7f4f55700000-7f4f55704000 ---p 00000000 00:00 0 
7f4f55704000-7f4f55800000 rw-p 00000000 00:00 0 
7f4f55800000-7f4f55805000 r-xp 00000000 00:21 903600                     /home/mikolajmichalczyk/.gradle/native/e1d6ef7f7dcc3fd88c89a11ec53ec762bb8ba0a96d01ffa2cd45eb1d1d8dd5c5/linux-amd64/libnative-platform.so
7f4f55805000-7f4f55a05000 ---p 00005000 00:21 903600                     /home/mikolajmichalczyk/.gradle/native/e1d6ef7f7dcc3fd88c89a11ec53ec762bb8ba0a96d01ffa2cd45eb1d1d8dd5c5/linux-amd64/libnative-platform.so
7f4f55a05000-7f4f55a06000 r--p 00005000 00:21 903600                     /home/mikolajmichalczyk/.gradle/native/e1d6ef7f7dcc3fd88c89a11ec53ec762bb8ba0a96d01ffa2cd45eb1d1d8dd5c5/linux-amd64/libnative-platform.so
7f4f55a06000-7f4f55a07000 rw-p 00006000 00:21 903600                     /home/mikolajmichalczyk/.gradle/native/e1d6ef7f7dcc3fd88c89a11ec53ec762bb8ba0a96d01ffa2cd45eb1d1d8dd5c5/linux-amd64/libnative-platform.so
7f4f55afd000-7f4f55b01000 ---p 00000000 00:00 0 
7f4f55b01000-7f4f55bfd000 rw-p 00000000 00:00 0 
7f4f55bfd000-7f4f55c01000 ---p 00000000 00:00 0 
7f4f55c01000-7f4f55cfd000 rw-p 00000000 00:00 0 
7f4f55cfd000-7f4f55cfe000 ---p 00000000 00:00 0 
7f4f55cfe000-7f4f55dfe000 rw-p 00000000 00:00 0 
7f4f55dfe000-7f4f55dff000 ---p 00000000 00:00 0 
7f4f55dff000-7f4f55eff000 rw-p 00000000 00:00 0 
7f4f55eff000-7f4f55f00000 ---p 00000000 00:00 0 
7f4f55f00000-7f4f56000000 rw-p 00000000 00:00 0 
7f4f56000000-7f4f58021000 rw-p 00000000 00:00 0 
7f4f58021000-7f4f5c000000 ---p 00000000 00:00 0 
7f4f5c04d000-7f4f5c054000 r--s 00000000 00:21 759861                     /usr/lib64/gconv/gconv-modules.cache
7f4f5c054000-7f4f5c058000 r--p 00000000 00:21 575313                     /usr/lib64/libgcc_s-14-20240607.so.1
7f4f5c058000-7f4f5c07c000 r-xp 00004000 00:21 575313                     /usr/lib64/libgcc_s-14-20240607.so.1
7f4f5c07c000-7f4f5c080000 r--p 00028000 00:21 575313                     /usr/lib64/libgcc_s-14-20240607.so.1
7f4f5c080000-7f4f5c081000 r--p 0002c000 00:21 575313                     /usr/lib64/libgcc_s-14-20240607.so.1
7f4f5c081000-7f4f5c082000 rw-p 00000000 00:00 0 
7f4f5c088000-7f4f5c089000 r--p 00000000 00:21 866735                     /home/mikolajmichalczyk/.local/share/JetBrains/Toolbox/apps/android-studio/jbr/lib/libextnet.so
7f4f5c089000-7f4f5c08b000 r-xp 00000000 00:21 866735                     /home/mikolajmichalczyk/.local/share/JetBrains/Toolbox/apps/android-studio/jbr/lib/libextnet.so
7f4f5c08b000-7f4f5c08c000 r--p 00001000 00:21 866735                     /home/mikolajmichalczyk/.local/share/JetBrains/Toolbox/apps/android-studio/jbr/lib/libextnet.so
7f4f5c08c000-7f4f5c08d000 rw-p 00001000 00:21 866735                     /home/mikolajmichalczyk/.local/share/JetBrains/Toolbox/apps/android-studio/jbr/lib/libextnet.so
7f4f5c08d000-7f4f5c090000 r--p 00000000 00:21 866753                     /home/mikolajmichalczyk/.local/share/JetBrains/Toolbox/apps/android-studio/jbr/lib/libmanagement_ext.so
7f4f5c090000-7f4f5c093000 r-xp 00002000 00:21 866753                     /home/mikolajmichalczyk/.local/share/JetBrains/Toolbox/apps/android-studio/jbr/lib/libmanagement_ext.so
7f4f5c093000-7f4f5c094000 r--p 00004000 00:21 866753                     /home/mikolajmichalczyk/.local/share/JetBrains/Toolbox/apps/android-studio/jbr/lib/libmanagement_ext.so
7f4f5c094000-7f4f5c095000 rw-p 00004000 00:21 866753                     /home/mikolajmichalczyk/.local/share/JetBrains/Toolbox/apps/android-studio/jbr/lib/libmanagement_ext.so
7f4f5c095000-7f4f5c099000 ---p 00000000 00:00 0 
7f4f5c099000-7f4f5c195000 rw-p 00000000 00:00 0 
7f4f5c195000-7f4f5c1c6000 rw-p 00000000 00:00 0 
7f4f5c1c6000-7f4f5c1cd000 r--p 00000000 00:21 866755                     /home/mikolajmichalczyk/.local/share/JetBrains/Toolbox/apps/android-studio/jbr/lib/libnet.so
7f4f5c1cd000-7f4f5c1da000 r-xp 00006000 00:21 866755                     /home/mikolajmichalczyk/.local/share/JetBrains/Toolbox/apps/android-studio/jbr/lib/libnet.so
7f4f5c1da000-7f4f5c1db000 r--p 00012000 00:21 866755                     /home/mikolajmichalczyk/.local/share/JetBrains/Toolbox/apps/android-studio/jbr/lib/libnet.so
7f4f5c1db000-7f4f5c1dc000 rw-p 00012000 00:21 866755                     /home/mikolajmichalczyk/.local/share/JetBrains/Toolbox/apps/android-studio/jbr/lib/libnet.so
7f4f5c1dc000-7f4f5c1dd000 rw-p 00000000 00:00 0 
7f4f5c1dd000-7f4f5c1de000 ---p 00000000 00:00 0 
7f4f5c1de000-7f4f5c2de000 rw-p 00000000 00:00 0 
7f4f5c2de000-7f4f5c2e2000 ---p 00000000 00:00 0 
7f4f5c2e2000-7f4f5c3de000 rw-p 00000000 00:00 0 
7f4f5c3de000-7f4f5c3e2000 ---p 00000000 00:00 0 
7f4f5c3e2000-7f4f5c4de000 rw-p 00000000 00:00 0 
7f4f5c4de000-7f4f5c4e2000 ---p 00000000 00:00 0 
7f4f5c4e2000-7f4f5c5de000 rw-p 00000000 00:00 0 
7f4f5c5de000-7f4f5c5e2000 ---p 00000000 00:00 0 
7f4f5c5e2000-7f4f5c6de000 rw-p 00000000 00:00 0 
7f4f5c6de000-7f4f5c6e2000 ---p 00000000 00:00 0 
7f4f5c6e2000-7f4f5c7de000 rw-p 00000000 00:00 0 
7f4f5c7de000-7f4f5c7e2000 ---p 00000000 00:00 0 
7f4f5c7e2000-7f4f5c8de000 rw-p 00000000 00:00 0 
7f4f5c8de000-7f4f5c8e2000 ---p 00000000 00:00 0 
7f4f5c8e2000-7f4f5c9de000 rw-p 00000000 00:00 0 
7f4f5c9de000-7f4f5c9e2000 ---p 00000000 00:00 0 
7f4f5c9e2000-7f4f5cade000 rw-p 00000000 00:00 0 
7f4f5cade000-7f4f5cae2000 ---p 00000000 00:00 0 
7f4f5cae2000-7f4f5cbde000 rw-p 00000000 00:00 0 
7f4f5cbde000-7f4f5cbe2000 ---p 00000000 00:00 0 
7f4f5cbe2000-7f4f5ccde000 rw-p 00000000 00:00 0 
7f4f5ccde000-7f4f5ccdf000 ---p 00000000 00:00 0 
7f4f5ccdf000-7f4f5cddf000 rw-p 00000000 00:00 0 
7f4f5cef9000-7f4f5cefa000 ---p 00000000 00:00 0 
7f4f5cefa000-7f4f5cffa000 rw-p 00000000 00:00 0 
7f4f5cffa000-7f4f5cffb000 ---p 00000000 00:00 0 
7f4f5cffb000-7f4f5d0fb000 rw-p 00000000 00:00 0 
7f4f5d0fb000-7f4f5d4ff000 rw-p 00000000 00:00 0 
7f4f5d4ff000-7f4f5d500000 ---p 00000000 00:00 0 
7f4f5d500000-7f4f5d600000 rw-p 00000000 00:00 0 
7f4f5d600000-7f4f5d6e8000 rw-p 00000000 00:00 0 
7f4f5d6e8000-7f4f5d928000 ---p 00000000 00:00 0 
7f4f5d928000-7f4f5d944000 rw-p 00000000 00:00 0 
7f4f5d944000-7f4f5d9d0000 ---p 00000000 00:00 0 
7f4f5d9d0000-7f4f5d9d8000 rw-p 00000000 00:00 0 
7f4f5d9d8000-7f4f5f600000 ---p 00000000 00:00 0 
7f4f5f600000-7f4f5f6e8000 rw-p 00000000 00:00 0 
7f4f5f6e8000-7f4f5f928000 ---p 00000000 00:00 0 
7f4f5f928000-7f4f5f944000 rw-p 00000000 00:00 0 
7f4f5f944000-7f4f5f9d0000 ---p 00000000 00:00 0 
7f4f5f9d0000-7f4f5f9d8000 rw-p 00000000 00:00 0 
7f4f5f9d8000-7f4f61600000 ---p 00000000 00:00 0 
7f4f61600000-7f4f6161d000 rw-p 00000000 00:00 0 
7f4f6161d000-7f4f61665000 ---p 00000000 00:00 0 
7f4f61665000-7f4f61669000 rw-p 00000000 00:00 0 
7f4f61669000-7f4f6167a000 ---p 00000000 00:00 0 
7f4f6167a000-7f4f6167b000 rw-p 00000000 00:00 0 
7f4f6167b000-7f4f61a00000 ---p 00000000 00:00 0 
7f4f61a00000-7f4f61e80000 rwxp 00000000 00:00 0 
7f4f61e80000-7f4f68f37000 ---p 00000000 00:00 0 
7f4f68f37000-7f4f691a7000 rwxp 00000000 00:00 0 
7f4f691a7000-7f4f694c8000 ---p 00000000 00:00 0 
7f4f694c8000-7f4f69738000 rwxp 00000000 00:00 0 
7f4f69738000-7f4f70a00000 ---p 00000000 00:00 0 
7f4f70a00000-7f4f73eeb000 r--s 00000000 00:21 866764                     /home/mikolajmichalczyk/.local/share/JetBrains/Toolbox/apps/android-studio/jbr/lib/modules
7f4f73eee000-7f4f73ef4000 r--p 00000000 00:21 866762                     /home/mikolajmichalczyk/.local/share/JetBrains/Toolbox/apps/android-studio/jbr/lib/libverify.so
7f4f73ef4000-7f4f73efc000 r-xp 00005000 00:21 866762                     /home/mikolajmichalczyk/.local/share/JetBrains/Toolbox/apps/android-studio/jbr/lib/libverify.so
7f4f73efc000-7f4f73efe000 r--p 0000c000 00:21 866762                     /home/mikolajmichalczyk/.local/share/JetBrains/Toolbox/apps/android-studio/jbr/lib/libverify.so
7f4f73efe000-7f4f73eff000 rw-p 0000d000 00:21 866762                     /home/mikolajmichalczyk/.local/share/JetBrains/Toolbox/apps/android-studio/jbr/lib/libverify.so
7f4f73eff000-7f4f73f00000 ---p 00000000 00:00 0 
7f4f73f00000-7f4f74000000 rw-p 00000000 00:00 0 
7f4f74000000-7f4f75495000 rw-p 00000000 00:00 0 
7f4f75495000-7f4f78000000 ---p 00000000 00:00 0 
7f4f78003000-7f4f7800c000 r--p 00000000 00:21 866763                     /home/mikolajmichalczyk/.local/share/JetBrains/Toolbox/apps/android-studio/jbr/lib/libzip.so
7f4f7800c000-7f4f78021000 r-xp 00008000 00:21 866763                     /home/mikolajmichalczyk/.local/share/JetBrains/Toolbox/apps/android-studio/jbr/lib/libzip.so
7f4f78021000-7f4f78022000 r--p 0001c000 00:21 866763                     /home/mikolajmichalczyk/.local/share/JetBrains/Toolbox/apps/android-studio/jbr/lib/libzip.so
7f4f78022000-7f4f78023000 rw-p 0001c000 00:21 866763                     /home/mikolajmichalczyk/.local/share/JetBrains/Toolbox/apps/android-studio/jbr/lib/libzip.so
7f4f78023000-7f4f780ff000 rw-p 00000000 00:00 0 
7f4f780ff000-7f4f78100000 ---p 00000000 00:00 0 
7f4f78100000-7f4f78200000 rw-p 00000000 00:00 0 
7f4f78200000-7f4f7821d000 rw-p 00000000 00:00 0 
7f4f7821d000-7f4f78265000 ---p 00000000 00:00 0 
7f4f78265000-7f4f78269000 rw-p 00000000 00:00 0 
7f4f78269000-7f4f7827a000 ---p 00000000 00:00 0 
7f4f7827a000-7f4f7827b000 rw-p 00000000 00:00 0 
7f4f7827b000-7f4f78600000 ---p 00000000 00:00 0 
7f4f78600000-7f4f7861d000 rw-p 00000000 00:00 0 
7f4f7861d000-7f4f78665000 ---p 00000000 00:00 0 
7f4f78665000-7f4f78669000 rw-p 00000000 00:00 0 
7f4f78669000-7f4f7867a000 ---p 00000000 00:00 0 
7f4f7867a000-7f4f7867b000 rw-p 00000000 00:00 0 
7f4f7867b000-7f4f78a00000 ---p 00000000 00:00 0 
7f4f78a02000-7f4f78e4c000 rw-p 00000000 00:00 0 
7f4f78e4c000-7f4f78f32000 ---p 00000000 00:00 0 
7f4f78f32000-7f4f78f3b000 rw-p 00000000 00:00 0 
7f4f78f3b000-7f4f7901d000 ---p 00000000 00:00 0 
7f4f7901d000-7f4f79021000 ---p 00000000 00:00 0 
7f4f79021000-7f4f7911d000 rw-p 00000000 00:00 0 
7f4f7911d000-7f4f7912d000 r--p 00000000 00:21 587231                     /usr/lib64/libm.so.6
7f4f7912d000-7f4f791a4000 r-xp 00010000 00:21 587231                     /usr/lib64/libm.so.6
7f4f791a4000-7f4f791fe000 r--p 00087000 00:21 587231                     /usr/lib64/libm.so.6
7f4f791fe000-7f4f791ff000 r--p 000e0000 00:21 587231                     /usr/lib64/libm.so.6
7f4f791ff000-7f4f79200000 rw-p 000e1000 00:21 587231                     /usr/lib64/libm.so.6
7f4f79200000-7f4f79729000 r--p 00000000 00:21 866774                     /home/mikolajmichalczyk/.local/share/JetBrains/Toolbox/apps/android-studio/jbr/lib/server/libjvm.so
7f4f79729000-7f4f7a2ea000 r-xp 00528000 00:21 866774                     /home/mikolajmichalczyk/.local/share/JetBrains/Toolbox/apps/android-studio/jbr/lib/server/libjvm.so
7f4f7a2ea000-7f4f7a3ac000 r--p 010e8000 00:21 866774                     /home/mikolajmichalczyk/.local/share/JetBrains/Toolbox/apps/android-studio/jbr/lib/server/libjvm.so
7f4f7a3ac000-7f4f7a3d6000 rw-p 011a9000 00:21 866774                     /home/mikolajmichalczyk/.local/share/JetBrains/Toolbox/apps/android-studio/jbr/lib/server/libjvm.so
7f4f7a3d6000-7f4f7a44a000 rw-p 00000000 00:00 0 
7f4f7a44c000-7f4f7a457000 r--p 00000000 00:21 866756                     /home/mikolajmichalczyk/.local/share/JetBrains/Toolbox/apps/android-studio/jbr/lib/libnio.so
7f4f7a457000-7f4f7a45f000 r-xp 0000a000 00:21 866756                     /home/mikolajmichalczyk/.local/share/JetBrains/Toolbox/apps/android-studio/jbr/lib/libnio.so
7f4f7a45f000-7f4f7a460000 r--p 00011000 00:21 866756                     /home/mikolajmichalczyk/.local/share/JetBrains/Toolbox/apps/android-studio/jbr/lib/libnio.so
7f4f7a460000-7f4f7a461000 rw-p 00011000 00:21 866756                     /home/mikolajmichalczyk/.local/share/JetBrains/Toolbox/apps/android-studio/jbr/lib/libnio.so
7f4f7a461000-7f4f7a4cc000 rw-p 00000000 00:00 0 
7f4f7a4cc000-7f4f7a4d3000 ---p 00000000 00:00 0 
7f4f7a4d3000-7f4f7a4e5000 r--p 00000000 00:21 866742                     /home/mikolajmichalczyk/.local/share/JetBrains/Toolbox/apps/android-studio/jbr/lib/libjava.so
7f4f7a4e5000-7f4f7a4f7000 r-xp 00011000 00:21 866742                     /home/mikolajmichalczyk/.local/share/JetBrains/Toolbox/apps/android-studio/jbr/lib/libjava.so
7f4f7a4f7000-7f4f7a4f8000 r--p 00022000 00:21 866742                     /home/mikolajmichalczyk/.local/share/JetBrains/Toolbox/apps/android-studio/jbr/lib/libjava.so
7f4f7a4f8000-7f4f7a4fa000 rw-p 00022000 00:21 866742                     /home/mikolajmichalczyk/.local/share/JetBrains/Toolbox/apps/android-studio/jbr/lib/libjava.so
7f4f7a4fa000-7f4f7a505000 r--p 00000000 00:21 866746                     /home/mikolajmichalczyk/.local/share/JetBrains/Toolbox/apps/android-studio/jbr/lib/libjimage.so
7f4f7a505000-7f4f7a519000 r-xp 0000a000 00:21 866746                     /home/mikolajmichalczyk/.local/share/JetBrains/Toolbox/apps/android-studio/jbr/lib/libjimage.so
7f4f7a519000-7f4f7a51b000 r--p 0001d000 00:21 866746                     /home/mikolajmichalczyk/.local/share/JetBrains/Toolbox/apps/android-studio/jbr/lib/libjimage.so
7f4f7a51b000-7f4f7a51c000 rw-p 0001e000 00:21 866746                     /home/mikolajmichalczyk/.local/share/JetBrains/Toolbox/apps/android-studio/jbr/lib/libjimage.so
7f4f7a51c000-7f4f7a51d000 rw-p 00000000 00:00 0 
7f4f7a51d000-7f4f7a51e000 r--p 00000000 00:21 587238                     /usr/lib64/librt.so.1
7f4f7a51e000-7f4f7a51f000 r-xp 00001000 00:21 587238                     /usr/lib64/librt.so.1
7f4f7a51f000-7f4f7a520000 r--p 00002000 00:21 587238                     /usr/lib64/librt.so.1
7f4f7a520000-7f4f7a521000 r--p 00002000 00:21 587238                     /usr/lib64/librt.so.1
7f4f7a521000-7f4f7a524000 rw-p 00000000 00:00 0 
7f4f7a524000-7f4f7a54c000 r--p 00000000 00:21 587229                     /usr/lib64/libc.so.6
7f4f7a54c000-7f4f7a6b5000 r-xp 00028000 00:21 587229                     /usr/lib64/libc.so.6
7f4f7a6b5000-7f4f7a703000 r--p 00191000 00:21 587229                     /usr/lib64/libc.so.6
7f4f7a703000-7f4f7a707000 r--p 001de000 00:21 587229                     /usr/lib64/libc.so.6
7f4f7a707000-7f4f7a709000 rw-p 001e2000 00:21 587229                     /usr/lib64/libc.so.6
7f4f7a709000-7f4f7a711000 rw-p 00000000 00:00 0 
7f4f7a711000-7f4f7a712000 r--p 00000000 00:21 587230                     /usr/lib64/libdl.so.2
7f4f7a712000-7f4f7a713000 r-xp 00001000 00:21 587230                     /usr/lib64/libdl.so.2
7f4f7a713000-7f4f7a714000 r--p 00002000 00:21 587230                     /usr/lib64/libdl.so.2
7f4f7a714000-7f4f7a715000 r--p 00002000 00:21 587230                     /usr/lib64/libdl.so.2
7f4f7a715000-7f4f7a716000 rw-p 00000000 00:00 0 
7f4f7a716000-7f4f7a717000 r--p 00000000 00:21 587236                     /usr/lib64/libpthread.so.0
7f4f7a717000-7f4f7a718000 r-xp 00001000 00:21 587236                     /usr/lib64/libpthread.so.0
7f4f7a718000-7f4f7a719000 r--p 00002000 00:21 587236                     /usr/lib64/libpthread.so.0
7f4f7a719000-7f4f7a71a000 r--p 00002000 00:21 587236                     /usr/lib64/libpthread.so.0
7f4f7a71a000-7f4f7a71b000 rw-p 00000000 00:00 0 
7f4f7a71c000-7f4f7a71f000 r--p 00000000 00:21 866751                     /home/mikolajmichalczyk/.local/share/JetBrains/Toolbox/apps/android-studio/jbr/lib/libmanagement.so
7f4f7a71f000-7f4f7a721000 r-xp 00002000 00:21 866751                     /home/mikolajmichalczyk/.local/share/JetBrains/Toolbox/apps/android-studio/jbr/lib/libmanagement.so
7f4f7a721000-7f4f7a722000 r--p 00003000 00:21 866751                     /home/mikolajmichalczyk/.local/share/JetBrains/Toolbox/apps/android-studio/jbr/lib/libmanagement.so
7f4f7a722000-7f4f7a723000 rw-p 00003000 00:21 866751                     /home/mikolajmichalczyk/.local/share/JetBrains/Toolbox/apps/android-studio/jbr/lib/libmanagement.so
7f4f7a723000-7f4f7a72b000 rw-s 00000000 00:2a 1679                       /tmp/hsperfdata_mikolajmichalczyk/56892
7f4f7a72b000-7f4f7a72c000 ---p 00000000 00:00 0 
7f4f7a72c000-7f4f7a72d000 r--p 00000000 00:00 0 
7f4f7a72d000-7f4f7a72e000 ---p 00000000 00:00 0 
7f4f7a72e000-7f4f7a737000 r--p 00000000 00:21 866747                     /home/mikolajmichalczyk/.local/share/JetBrains/Toolbox/apps/android-studio/jbr/lib/libjli.so
7f4f7a737000-7f4f7a745000 r-xp 00008000 00:21 866747                     /home/mikolajmichalczyk/.local/share/JetBrains/Toolbox/apps/android-studio/jbr/lib/libjli.so
7f4f7a745000-7f4f7a746000 r--p 00015000 00:21 866747                     /home/mikolajmichalczyk/.local/share/JetBrains/Toolbox/apps/android-studio/jbr/lib/libjli.so
7f4f7a746000-7f4f7a748000 rw-p 00015000 00:21 866747                     /home/mikolajmichalczyk/.local/share/JetBrains/Toolbox/apps/android-studio/jbr/lib/libjli.so
7f4f7a748000-7f4f7a74a000 rw-p 00000000 00:00 0 
7f4f7a74a000-7f4f7a74e000 r--p 00000000 00:00 0                          [vvar]
7f4f7a74e000-7f4f7a750000 r-xp 00000000 00:00 0                          [vdso]
7f4f7a750000-7f4f7a751000 r--p 00000000 00:21 587226                     /usr/lib64/ld-linux-x86-64.so.2
7f4f7a751000-7f4f7a778000 r-xp 00001000 00:21 587226                     /usr/lib64/ld-linux-x86-64.so.2
7f4f7a778000-7f4f7a782000 r--p 00028000 00:21 587226                     /usr/lib64/ld-linux-x86-64.so.2
7f4f7a782000-7f4f7a784000 r--p 00032000 00:21 587226                     /usr/lib64/ld-linux-x86-64.so.2
7f4f7a784000-7f4f7a786000 rw-p 00034000 00:21 587226                     /usr/lib64/ld-linux-x86-64.so.2
7fff5c9f2000-7fff5ca13000 rw-p 00000000 00:00 0                          [stack]
ffffffffff600000-ffffffffff601000 --xp 00000000 00:00 0                  [vsyscall]


VM Arguments:
jvm_args: --add-opens=java.base/java.util=ALL-UNNAMED --add-opens=java.base/java.lang=ALL-UNNAMED --add-opens=java.base/java.lang.invoke=ALL-UNNAMED --add-opens=java.base/java.util=ALL-UNNAMED --add-opens=java.prefs/java.util.prefs=ALL-UNNAMED --add-opens=java.prefs/java.util.prefs=ALL-UNNAMED --add-opens=java.base/java.nio.charset=ALL-UNNAMED --add-opens=java.base/java.net=ALL-UNNAMED --add-opens=java.base/java.util.concurrent.atomic=ALL-UNNAMED -Xmx2048m -Dfile.encoding=UTF-8 -Duser.country=US -Duser.language=en -Duser.variant 
java_command: org.gradle.launcher.daemon.bootstrap.GradleDaemon 7.5
java_class_path (initial): /home/mikolajmichalczyk/.gradle/wrapper/dists/gradle-7.5-bin/f1w0cc9nuo0eivz97x2xlu9sv/gradle-7.5/lib/gradle-launcher-7.5.jar
Launcher Type: SUN_STANDARD

[Global flags]
     intx CICompilerCount                          = 3                                         {product} {ergonomic}
     uint ConcGCThreads                            = 1                                         {product} {ergonomic}
     uint G1ConcRefinementThreads                  = 4                                         {product} {ergonomic}
   size_t G1HeapRegionSize                         = 1048576                                   {product} {ergonomic}
    uintx GCDrainStackTargetSize                   = 64                                        {product} {ergonomic}
   size_t InitialHeapSize                          = 257949696                                 {product} {ergonomic}
   size_t MarkStackSize                            = 4194304                                   {product} {ergonomic}
   size_t MaxHeapSize                              = 2147483648                                {product} {command line}
   size_t MaxNewSize                               = 1287651328                                {product} {ergonomic}
   size_t MinHeapDeltaBytes                        = 1048576                                   {product} {ergonomic}
   size_t MinHeapSize                              = 8388608                                   {product} {ergonomic}
    uintx NonNMethodCodeHeapSize                   = 5832780                                {pd product} {ergonomic}
    uintx NonProfiledCodeHeapSize                  = 122912730                              {pd product} {ergonomic}
    uintx ProfiledCodeHeapSize                     = 122912730                              {pd product} {ergonomic}
    uintx ReservedCodeCacheSize                    = 251658240                              {pd product} {ergonomic}
     bool SegmentedCodeCache                       = true                                      {product} {ergonomic}
   size_t SoftMaxHeapSize                          = 2147483648                             {manageable} {ergonomic}
     bool UseCompressedClassPointers               = true                           {product lp64_product} {ergonomic}
     bool UseCompressedOops                        = true                           {product lp64_product} {ergonomic}
     bool UseG1GC                                  = true                                      {product} {ergonomic}

Logging:
Log output configuration:
 #0: stdout all=warning uptime,level,tags
 #1: stderr all=off uptime,level,tags

Environment Variables:
PATH=/home/mikolajmichalczyk/.local/bin:/home/mikolajmichalczyk/bin:/usr/local/bin:/usr/local/sbin:/usr/bin:/usr/sbin:/var/lib/snapd/snap/bin:/home/mikolajmichalczyk/.local/share/JetBrains/Toolbox/scripts
USERNAME=mikolajmichalczyk
SHELL=/bin/bash
DISPLAY=:0
LANG=en_US.UTF-8

Active Locale:
LC_ALL=en_US.UTF-8
LC_COLLATE=en_US.UTF-8
LC_CTYPE=en_US.UTF-8
LC_MESSAGES=en_US.UTF-8
LC_MONETARY=en_US.UTF-8
LC_NUMERIC=en_US.UTF-8
LC_TIME=en_US.UTF-8

Signal Handlers:
   SIGSEGV: crash_handler in libjvm.so, mask=11100100010111111101111111111110, flags=SA_RESTART|SA_SIGINFO, unblocked
    SIGBUS: crash_handler in libjvm.so, mask=11100100010111111101111111111110, flags=SA_RESTART|SA_SIGINFO, unblocked
    SIGFPE: crash_handler in libjvm.so, mask=11100100010111111101111111111110, flags=SA_RESTART|SA_SIGINFO, unblocked
   SIGPIPE: javaSignalHandler in libjvm.so, mask=11100100010111111101111111111110, flags=SA_RESTART|SA_SIGINFO, blocked
   SIGXFSZ: javaSignalHandler in libjvm.so, mask=11100100010111111101111111111110, flags=SA_RESTART|SA_SIGINFO, blocked
    SIGILL: crash_handler in libjvm.so, mask=11100100010111111101111111111110, flags=SA_RESTART|SA_SIGINFO, unblocked
   SIGUSR2: SR_handler in libjvm.so, mask=00100000000000000000000000000000, flags=SA_RESTART|SA_SIGINFO, blocked
    SIGHUP: UserHandler in libjvm.so, mask=11100100010111111101111111111110, flags=SA_RESTART|SA_SIGINFO, blocked
    SIGINT: UserHandler in libjvm.so, mask=11100100010111111101111111111110, flags=SA_RESTART|SA_SIGINFO, blocked
   SIGTERM: UserHandler in libjvm.so, mask=11100100010111111101111111111110, flags=SA_RESTART|SA_SIGINFO, blocked
   SIGQUIT: UserHandler in libjvm.so, mask=11100100010111111101111111111110, flags=SA_RESTART|SA_SIGINFO, blocked
   SIGTRAP: crash_handler in libjvm.so, mask=11100100010111111101111111111110, flags=SA_RESTART|SA_SIGINFO, unblocked


Periodic native trim disabled

JNI global refs:
JNI global refs: 21, weak refs: 1

JNI global refs memory usage: 867, weak refs: 865

OOME stack traces (most recent first):
Classloader memory used:
Loader bootstrap                                                                       : 1857K
Loader org.gradle.internal.classloader.VisitableURLClassLoader                         : 1616K
Loader org.gradle.initialization.MixInLegacyTypesClassLoader                           : 290K
Loader jdk.internal.loader.ClassLoaders$AppClassLoader                                 : 25617B
Loader jdk.internal.reflect.DelegatingClassLoader                                      : 2611B
Loader jdk.internal.loader.ClassLoaders$PlatformClassLoader                            : 771B

Classes loaded by more than one classloader:
Class org.gradle.internal.installation.GradleInstallation                             : loaded 2 times (x 74B)
Class org.gradle.internal.classpath.ClassPath                                         : loaded 2 times (x 69B)
Class org.gradle.api.internal.classpath.DefaultModuleRegistry                         : loaded 2 times (x 85B)
Class org.gradle.api.Action                                                           : loaded 2 times (x 69B)
Class org.gradle.api.internal.DefaultClassPathProvider                                : loaded 2 times (x 75B)
Class org.gradle.internal.installation.GradleInstallation$1                           : loaded 2 times (x 74B)
Class org.gradle.internal.classloader.FilteringClassLoader                            : loaded 2 times (x 104B)
Class org.gradle.internal.classpath.DefaultClassPath$ImmutableUniqueList$Builder      : loaded 2 times (x 74B)
Class org.gradle.internal.classloader.ClassLoaderVisitor                              : loaded 2 times (x 75B)
Class org.gradle.internal.service.DefaultServiceLocator                               : loaded 2 times (x 82B)
Class org.gradle.internal.service.UnknownServiceException                             : loaded 2 times (x 82B)
Class org.gradle.internal.classloader.DefaultClassLoaderFactory                       : loaded 2 times (x 81B)
Class org.gradle.internal.classloader.VisitableURLClassLoader$Spec                    : loaded 2 times (x 73B)
Class org.gradle.api.GradleException                                                  : loaded 2 times (x 81B)
Class org.gradle.api.internal.classpath.ModuleRegistry                                : loaded 2 times (x 69B)
Class org.gradle.api.internal.ClassPathProvider                                       : loaded 2 times (x 69B)
Class org.gradle.internal.classloader.ClasspathUtil$1                                 : loaded 2 times (x 75B)
Class org.gradle.internal.classloader.ClassLoaderFactory                              : loaded 2 times (x 69B)
Class org.gradle.api.internal.classpath.ManifestUtil                                  : loaded 2 times (x 70B)
Class org.gradle.api.specs.Spec                                                       : loaded 2 times (x 69B)
Class org.gradle.internal.IoActions                                                   : loaded 2 times (x 70B)
Class org.gradle.api.internal.classpath.EffectiveClassPath                            : loaded 2 times (x 89B)
Class org.gradle.internal.installation.CurrentGradleInstallation                      : loaded 2 times (x 72B)
Class org.gradle.internal.installation.CurrentGradleInstallationLocator               : loaded 2 times (x 70B)
Class org.gradle.api.internal.classpath.Module                                        : loaded 2 times (x 69B)
Class org.gradle.internal.service.CachingServiceLocator                               : loaded 2 times (x 81B)
Class org.gradle.internal.classpath.DefaultClassPath                                  : loaded 2 times (x 89B)
Class org.gradle.api.Transformer                                                      : loaded 2 times (x 69B)
Class org.gradle.internal.classloader.SystemClassLoaderSpec                           : loaded 2 times (x 70B)
Class org.gradle.api.UncheckedIOException                                             : loaded 2 times (x 81B)
Class org.gradle.internal.classloader.ClasspathUtil                                   : loaded 2 times (x 70B)
Class org.gradle.api.internal.DefaultClassPathRegistry                                : loaded 2 times (x 75B)
Class org.gradle.api.internal.classpath.DefaultModuleRegistry$DefaultModule           : loaded 2 times (x 85B)
Class org.gradle.api.internal.classpath.UnknownModuleException                        : loaded 2 times (x 81B)
Class org.gradle.internal.service.ServiceLookupException                              : loaded 2 times (x 81B)
Class org.gradle.cache.GlobalCache                                                    : loaded 2 times (x 69B)
Class [Lorg.gradle.api.internal.ClassPathProvider;                                    : loaded 2 times (x 68B)
Class org.gradle.util.internal.GUtil                                                  : loaded 2 times (x 70B)
Class org.gradle.internal.classloader.ClassLoaderSpec                                 : loaded 2 times (x 70B)
Class org.gradle.internal.classloader.VisitableURLClassLoader                         : loaded 2 times (x 116B)
Class org.gradle.internal.Cast                                                        : loaded 2 times (x 70B)
Class org.gradle.api.internal.ClassPathRegistry                                       : loaded 2 times (x 69B)
Class org.gradle.internal.classloader.ClassLoaderHierarchy                            : loaded 2 times (x 69B)
Class org.gradle.internal.service.ServiceLocator                                      : loaded 2 times (x 69B)
Class org.gradle.internal.classpath.DefaultClassPath$ImmutableUniqueList              : loaded 2 times (x 160B)


---------------  S Y S T E M  ---------------

OS:
Fedora release 40 (Forty)
uname: Linux 6.9.4-200.fc40.x86_64 #1 SMP PREEMPT_DYNAMIC Wed Jun 12 13:33:34 UTC 2024 x86_64
OS uptime: 2 days 3:19 hours
libc: glibc 2.39 NPTL 2.39 
rlimit (soft/hard): STACK 8192k/infinity , CORE infinity/infinity , NPROC 62772/62772 , NOFILE 524288/524288 , AS infinity/infinity , CPU infinity/infinity , DATA infinity/infinity , FSIZE infinity/infinity , MEMLOCK 8192k/8192k
load average: 3.60 2.82 1.93

/proc/meminfo:
MemTotal:       16107144 kB
MemFree:          310612 kB
MemAvailable:    6954692 kB
Buffers:            4252 kB
Cached:          7208060 kB
SwapCached:         3212 kB
Active:         11056012 kB
Inactive:        3238448 kB
Active(anon):    7504616 kB
Inactive(anon):    34388 kB
Active(file):    3551396 kB
Inactive(file):  3204060 kB
Unevictable:      412324 kB
Mlocked:            5788 kB
SwapTotal:       8388604 kB
SwapFree:        7206916 kB
Zswap:                 0 kB
Zswapped:              0 kB
Dirty:              2944 kB
Writeback:             0 kB
AnonPages:       7491828 kB
Mapped:          1179448 kB
Shmem:            451728 kB
KReclaimable:     228712 kB
Slab:             446896 kB
SReclaimable:     228712 kB
SUnreclaim:       218184 kB
KernelStack:       20944 kB
PageTables:        58304 kB
SecPageTables:         0 kB
NFS_Unstable:          0 kB
Bounce:                0 kB
WritebackTmp:          0 kB
CommitLimit:    16442176 kB
Committed_AS:   17599708 kB
VmallocTotal:   34359738367 kB
VmallocUsed:       92020 kB
VmallocChunk:          0 kB
Percpu:             3600 kB
HardwareCorrupted:     0 kB
AnonHugePages:    432128 kB
ShmemHugePages:        0 kB
ShmemPmdMapped:        0 kB
FileHugePages:         0 kB
FilePmdMapped:         0 kB
CmaTotal:              0 kB
CmaFree:               0 kB
Unaccepted:            0 kB
HugePages_Total:       0
HugePages_Free:        0
HugePages_Rsvd:        0
HugePages_Surp:        0
Hugepagesize:       2048 kB
Hugetlb:               0 kB
DirectMap4k:      185960 kB
DirectMap2M:     5840896 kB
DirectMap1G:    10485760 kB

/sys/kernel/mm/transparent_hugepage/enabled: always [madvise] never
/sys/kernel/mm/transparent_hugepage/defrag (defrag/compaction efforts parameter): always defer defer+madvise [madvise] never

Process Memory:
Virtual Size: 5963744K (peak: 6018516K)
Resident Set Size: 213680K (peak: 213680K) (anon: 183344K, file: 30336K, shmem: 0K)
Swapped out: 0K
C-Heap outstanding allocations: 81753K, retained: 19346K
glibc malloc tunables: (default)

/proc/sys/kernel/threads-max (system-wide limit on the number of threads): 125544
/proc/sys/vm/max_map_count (maximum number of memory map areas a process may have): 1048576
/proc/sys/kernel/pid_max (system-wide limit on number of process identifiers): 4194304

container (cgroup) information:
container_type: cgroupv2
cpu_cpuset_cpus: not supported
cpu_memory_nodes: not supported
active_processor_count: 4
cpu_quota: no quota
cpu_period: 100000
cpu_shares: 8192
memory_limit_in_bytes: unlimited
memory_and_swap_limit_in_bytes: unlimited
memory_soft_limit_in_bytes: unlimited
memory_usage_in_bytes: 6028920 k
memory_max_usage_in_bytes: not supported
memory_swap_current_in_bytes: unlimited
memory_swap_max_limit_in_bytes: unlimited
maximum number of tasks: 18831
current number of tasks: 278

Steal ticks since vm start: 0
Steal ticks percentage since vm start:  0.000

CPU: total 4 (initial active 4) (2 cores per cpu, 2 threads per core) family 6 model 78 stepping 3 microcode 0xf0, cx8, cmov, fxsr, ht, mmx, 3dnowpref, sse, sse2, sse3, ssse3, sse4.1, sse4.2, popcnt, lzcnt, tsc, tscinvbit, avx, avx2, aes, erms, clmul, bmi1, bmi2, adx, fma, vzeroupper, clflush, clflushopt
CPU Model and flags from /proc/cpuinfo:
model name	: Intel(R) Core(TM) i5-6300U CPU @ 2.40GHz
flags		: fpu vme de pse tsc msr pae mce cx8 apic sep mtrr pge mca cmov pat pse36 clflush dts acpi mmx fxsr sse sse2 ss ht tm pbe syscall nx pdpe1gb rdtscp lm constant_tsc art arch_perfmon pebs bts rep_good nopl xtopology nonstop_tsc cpuid aperfmperf pni pclmulqdq dtes64 monitor ds_cpl vmx smx est tm2 ssse3 sdbg fma cx16 xtpr pdcm pcid sse4_1 sse4_2 x2apic movbe popcnt tsc_deadline_timer aes xsave avx f16c rdrand lahf_lm abm 3dnowprefetch cpuid_fault epb pti ssbd ibrs ibpb stibp tpr_shadow flexpriority ept vpid ept_ad fsgsbase tsc_adjust sgx bmi1 avx2 smep bmi2 erms invpcid mpx rdseed adx smap clflushopt intel_pt xsaveopt xsavec xgetbv1 xsaves dtherm ida arat pln pts hwp hwp_notify hwp_act_window hwp_epp vnmi md_clear flush_l1d arch_capabilities

Online cpus: 0-3
Offline cpus: 
BIOS frequency limitation: <Not Available>
Frequency switch latency (ns): 0
Available cpu frequencies: <Not Available>
Current governor: powersave
Core performance/turbo boost: <Not Available>

Memory: 4k page, physical 16107144k(307444k free), swap 8388604k(7206916k free)
Page Sizes: 4k

vm_info: OpenJDK 64-Bit Server VM (17.0.10+0-17.0.10b1087.21-11609105) for linux-amd64 JRE (17.0.10+0-17.0.10b1087.21-11609105), built on Mar 21 2024 17:39:27 by "androidbuild" with clang Android (11368308, +pgo, +bolt, +lto, +mlgo, based on r510928) Clang 18.0.0 (https://android.googlesource.com/toolchain/llvm-project 477610d4d0d988e69dbc3fae4fe86bff3f07f2b5)

END.
